96.04.16 19:59 B C:\Frakster\jedi\STARWARS\sw.gif --> Tezcat.com /usr/export/home4/bfranke/WWW/icons sw.gif
96.04.16 20:00 B C:\Frakster\jedi\STARWARS\13a_mini.jpg --> Tezcat.com /usr/export/home4/bfranke/WWW/icons 13a_mini.jpg
96.04.16 20:00 B C:\Frakster\jedi\STARWARS\3dtiesm.jpg --> Tezcat.com /usr/export/home4/bfranke/WWW/icons 3dtiesm.jpg
96.04.16 20:00 B C:\Frakster\jedi\STARWARS\attacksm.jpg --> Tezcat.com /usr/export/home4/bfranke/WWW/icons attacksm.jpg
96.04.16 20:00 B C:\Frakster\jedi\STARWARS\a-wingsm.jpg --> Tezcat.com /usr/export/home4/bfranke/WWW/icons a-wingsm.jpg
96.04.16 20:00 B C:\Frakster\jedi\STARWARS\battlesm.jpg --> Tezcat.com /usr/export/home4/bfranke/WWW/icons battlesm.jpg
96.04.16 20:00 B C:\Frakster\jedi\STARWARS\bflcsm.jpg --> Tezcat.com /usr/export/home4/bfranke/WWW/icons bflcsm.jpg
96.04.16 20:00 B C:\Frakster\jedi\STARWARS\bwingsm.jpg --> Tezcat.com /usr/export/home4/bfranke/WWW/icons bwingsm.jpg
96.04.16 20:00 B C:\Frakster\jedi\STARWARS\core_mini.jpg --> Tezcat.com /usr/export/home4/bfranke/WWW/icons core_mini.jpg
96.04.16 20:00 B C:\Frakster\jedi\STARWARS\darth1sm.jpg --> Tezcat.com /usr/export/home4/bfranke/WWW/icons darth1sm.jpg
96.04.16 20:01 B C:\Frakster\jedi\STARWARS\darthsm.jpg --> Tezcat.com /usr/export/home4/bfranke/WWW/icons darthsm.jpg
96.04.16 20:01 B C:\Frakster\jedi\STARWARS\destrysm.jpg --> Tezcat.com /usr/export/home4/bfranke/WWW/icons destrysm.jpg
96.04.16 20:01 B C:\Frakster\jedi\STARWARS\faucon_mini.jpg --> Tezcat.com /usr/export/home4/bfranke/WWW/icons faucon_mini.jpg
96.04.16 20:01 B C:\Frakster\jedi\STARWARS\hancarb.jpg --> Tezcat.com /usr/export/home4/bfranke/WWW/icons hancarb.jpg
96.04.16 20:01 B C:\Frakster\jedi\STARWARS\iconedit.exe --> Tezcat.com /usr/export/home4/bfranke/WWW/icons iconedit.exe
96.04.16 20:01 B C:\Frakster\jedi\STARWARS\lambsm.jpg --> Tezcat.com /usr/export/home4/bfranke/WWW/icons lambsm.jpg
96.04.16 20:01 B C:\Frakster\jedi\STARWARS\mant.jpg --> Tezcat.com /usr/export/home4/bfranke/WWW/icons mant.jpg
96.04.16 20:02 B C:\Frakster\jedi\STARWARS\nrept.jpg --> Tezcat.com /usr/export/home4/bfranke/WWW/icons nrept.jpg
96.04.16 20:02 B C:\Frakster\jedi\STARWARS\prodigy.ico --> Tezcat.com /usr/export/home4/bfranke/WWW/icons prodigy.ico
96.04.16 20:02 B C:\Frakster\jedi\STARWARS\sw.gif --> Tezcat.com /usr/export/home4/bfranke/WWW/icons sw.gif
96.04.16 20:02 B C:\Frakster\jedi\STARWARS\sw1.gif --> Tezcat.com /usr/export/home4/bfranke/WWW/icons sw1.gif
96.04.16 20:02 B C:\Frakster\jedi\STARWARS\swtrenct.jpg --> Tezcat.com /usr/export/home4/bfranke/WWW/icons swtrenct.jpg
96.04.16 20:02 B C:\Frakster\jedi\STARWARS\tie2sm.jpg --> Tezcat.com /usr/export/home4/bfranke/WWW/icons tie2sm.jpg
96.04.16 20:02 B C:\Frakster\jedi\STARWARS\tie-ism.jpg --> Tezcat.com /usr/export/home4/bfranke/WWW/icons tie-ism.jpg
96.04.16 20:02 B C:\Frakster\jedi\STARWARS\tiesm.jpg --> Tezcat.com /usr/export/home4/bfranke/WWW/icons tiesm.jpg
96.04.16 20:02 B C:\Frakster\jedi\STARWARS\tiessm.jpg --> Tezcat.com /usr/export/home4/bfranke/WWW/icons tiessm.jpg
96.04.16 20:03 B C:\Frakster\jedi\STARWARS\treasure.dll --> Tezcat.com /usr/export/home4/bfranke/WWW/icons treasure.dll
98.10.22 16:16 B C:\frakster\Fe\icons\ws_ftp.log <-- Baker on TEZCAT /usr/export/home4/bfranke/WWW/icons ws_ftp.log
98.10.22 16:16 B C:\frakster\Fe\icons\x-wing.jpg <-- Baker on TEZCAT /usr/export/home4/bfranke/WWW/icons x-wing.jpg
98.10.22 16:16 B C:\frakster\Fe\icons\xwing2.jpg <-- Baker on TEZCAT /usr/export/home4/bfranke/WWW/icons xwing2.jpg
98.10.22 16:16 B C:\frakster\Fe\icons\xwingsm.jpg <-- Baker on TEZCAT /usr/export/home4/bfranke/WWW/icons xwingsm.jpg
98.10.22 16:16 B C:\frakster\Fe\icons\yoda2.jpg <-- Baker on TEZCAT /usr/export/home4/bfranke/WWW/icons yoda2.jpg
98.10.22 16:16 B C:\frakster\Fe\icons\ywing2sm.jpg <-- Baker on TEZCAT /usr/export/home4/bfranke/WWW/icons ywing2sm.jpg
98.10.22 16:16 B C:\frakster\Fe\icons\ywingsm.jpg <-- Baker on TEZCAT /usr/export/home4/bfranke/WWW/icons ywingsm.jpg
