98.06.24 12:08 B C:\Bakers IS folder\NULawIS\forms\failure.html --> www.tezcat.com /usr/export/home4/bfranke/WWW/forms failure.html
98.06.24 12:08 B C:\Bakers IS folder\NULawIS\forms\failure2.html --> www.tezcat.com /usr/export/home4/bfranke/WWW/forms failure2.html
98.06.24 12:08 B C:\Bakers IS folder\NULawIS\forms\rating2.html --> www.tezcat.com /usr/export/home4/bfranke/WWW/forms rating2.html
98.06.24 12:09 B C:\Bakers IS folder\NULawIS\forms\success.html --> www.tezcat.com /usr/export/home4/bfranke/WWW/forms success.html
98.06.24 12:09 B C:\Bakers IS folder\NULawIS\forms\success2.html --> www.tezcat.com /usr/export/home4/bfranke/WWW/forms success2.html
98.06.29 16:23 B C:\Bakers IS folder\NULawIS\forms\surveytemplate.txt --> www.tezcat.com /usr/export/home4/bfranke/WWW/files surveytemplate.txt
98.06.29 16:31 B C:\Bakers IS folder\NULawIS\forms\ratingtest.html <-- baker /usr/export/home4/bfranke/WWW/forms ratingtest.html
98.06.29 17:31 B C:\Bakers IS folder\NULawIS\forms\surveytemplate.txt <-- baker /usr/export/home4/bfranke/WWW/files surveytemplate.txt
98.06.29 17:32 B C:\Bakers IS folder\NULawIS\forms\surveytemplate.txt --> www.tezcat.com /usr/export/home4/bfranke/WWW/files surveytemplate.txt
98.06.29 17:41 B C:\Bakers IS folder\NULawIS\forms\surveytemplate.txt --> www.tezcat.com /usr/export/home4/bfranke/WWW/files surveytemplate.txt
98.06.29 17:41 B C:\Bakers IS folder\NULawIS\forms\surveytemplate.txt --> www.tezcat.com /usr/export/home4/bfranke/WWW/files surveytemplate.txt
98.06.29 18:11 B C:\Bakers IS folder\NULawIS\forms\eudora.gif --> www.tezcat.com /usr/export/home4/bfranke/WWW/forms eudora.gif
98.06.29 18:11 B C:\Bakers IS folder\NULawIS\forms\first.gif --> www.tezcat.com /usr/export/home4/bfranke/WWW/forms first.gif
98.06.29 18:11 B C:\Bakers IS folder\NULawIS\forms\internet.gif --> www.tezcat.com /usr/export/home4/bfranke/WWW/forms internet.gif
98.06.29 18:11 B C:\Bakers IS folder\NULawIS\forms\mexcel.gif --> www.tezcat.com /usr/export/home4/bfranke/WWW/forms mexcel.gif
98.06.29 18:11 B C:\Bakers IS folder\NULawIS\forms\mspower.gif --> www.tezcat.com /usr/export/home4/bfranke/WWW/forms mspower.gif
98.06.29 18:11 B C:\Bakers IS folder\NULawIS\forms\msword.gif --> www.tezcat.com /usr/export/home4/bfranke/WWW/forms msword.gif
98.06.29 18:11 B C:\Bakers IS folder\NULawIS\forms\netscape.gif --> www.tezcat.com /usr/export/home4/bfranke/WWW/forms netscape.gif
98.06.29 18:11 B C:\Bakers IS folder\NULawIS\forms\win95.gif --> www.tezcat.com /usr/export/home4/bfranke/WWW/forms win95.gif
98.06.30 18:26 B C:\Bakers IS folder\NULawIS\forms\eudora.gif --> www.law1.nwu.edu /DRIVEC/ZBS/ZBS/HTML/forms eudora.gif
98.06.30 18:26 B C:\Bakers IS folder\NULawIS\forms\first.gif --> www.law1.nwu.edu /DRIVEC/ZBS/ZBS/HTML/forms first.gif
98.06.30 18:26 B C:\Bakers IS folder\NULawIS\forms\internet.gif --> www.law1.nwu.edu /DRIVEC/ZBS/ZBS/HTML/forms internet.gif
98.06.30 18:26 B C:\Bakers IS folder\NULawIS\forms\mexcel.gif --> www.law1.nwu.edu /DRIVEC/ZBS/ZBS/HTML/forms mexcel.gif
98.06.30 18:27 B C:\Bakers IS folder\NULawIS\forms\mspower.gif --> www.law1.nwu.edu /DRIVEC/ZBS/ZBS/HTML/forms mspower.gif
98.06.30 18:27 B C:\Bakers IS folder\NULawIS\forms\msword.gif --> www.law1.nwu.edu /DRIVEC/ZBS/ZBS/HTML/forms msword.gif
98.06.30 18:27 B C:\Bakers IS folder\NULawIS\forms\netscape.gif --> www.law1.nwu.edu /DRIVEC/ZBS/ZBS/HTML/forms netscape.gif
98.06.30 18:27 B C:\Bakers IS folder\NULawIS\forms\win95.gif --> www.law1.nwu.edu /DRIVEC/ZBS/ZBS/HTML/forms win95.gif
98.06.30 18:48 B C:\Bakers IS folder\NULawIS\forms\failure.html --> www.law1.nwu.edu /DRIVEC/ZBS/ZBS/HTML/forms failure.html
98.06.30 18:48 B C:\Bakers IS folder\NULawIS\forms\failure2.html --> www.law1.nwu.edu /DRIVEC/ZBS/ZBS/HTML/forms failure2.html
98.06.30 18:48 B C:\Bakers IS folder\NULawIS\forms\success.html --> www.law1.nwu.edu /DRIVEC/ZBS/ZBS/HTML/forms success.html
98.06.30 18:48 B C:\Bakers IS folder\NULawIS\forms\success2.html --> www.law1.nwu.edu /DRIVEC/ZBS/ZBS/HTML/forms success2.html
98.07.07 10:51 B C:\Bakers IS folder\NULawIS\forms\bigfile.html --> www.tezcat.com /usr/export/home4/bfranke/WWW/NULawIS/forms bigfile.html
98.07.07 10:51 B C:\Bakers IS folder\NULawIS\forms\emailtemplate.txt --> www.tezcat.com /usr/export/home4/bfranke/WWW/NULawIS/forms emailtemplate.txt
98.07.07 10:51 B C:\Bakers IS folder\NULawIS\forms\eudora.gif --> www.tezcat.com /usr/export/home4/bfranke/WWW/NULawIS/forms eudora.gif
98.07.07 10:51 B C:\Bakers IS folder\NULawIS\forms\failure.html --> www.tezcat.com /usr/export/home4/bfranke/WWW/NULawIS/forms failure.html
98.07.07 10:51 B C:\Bakers IS folder\NULawIS\forms\failure2.html --> www.tezcat.com /usr/export/home4/bfranke/WWW/NULawIS/forms failure2.html
98.07.07 10:51 B C:\Bakers IS folder\NULawIS\forms\first.gif --> www.tezcat.com /usr/export/home4/bfranke/WWW/NULawIS/forms first.gif
98.07.07 10:51 B C:\Bakers IS folder\NULawIS\forms\formtest.html --> www.tezcat.com /usr/export/home4/bfranke/WWW/NULawIS/forms formtest.html
98.07.07 10:51 B C:\Bakers IS folder\NULawIS\forms\incoming.txt --> www.tezcat.com /usr/export/home4/bfranke/WWW/NULawIS/forms incoming.txt
98.07.07 10:51 B C:\Bakers IS folder\NULawIS\forms\internet.gif --> www.tezcat.com /usr/export/home4/bfranke/WWW/NULawIS/forms internet.gif
98.07.07 10:51 B C:\Bakers IS folder\NULawIS\forms\mexcel.gif --> www.tezcat.com /usr/export/home4/bfranke/WWW/NULawIS/forms mexcel.gif
98.07.07 10:52 B C:\Bakers IS folder\NULawIS\forms\mspower.gif --> www.tezcat.com /usr/export/home4/bfranke/WWW/NULawIS/forms mspower.gif
98.07.07 10:52 B C:\Bakers IS folder\NULawIS\forms\msword.gif --> www.tezcat.com /usr/export/home4/bfranke/WWW/NULawIS/forms msword.gif
98.07.07 10:52 B C:\Bakers IS folder\NULawIS\forms\netscape.gif --> www.tezcat.com /usr/export/home4/bfranke/WWW/NULawIS/forms netscape.gif
98.07.07 10:52 B C:\Bakers IS folder\NULawIS\forms\nuform.html --> www.tezcat.com /usr/export/home4/bfranke/WWW/NULawIS/forms nuform.html
98.07.07 10:52 B C:\Bakers IS folder\NULawIS\forms\rating.html --> www.tezcat.com /usr/export/home4/bfranke/WWW/NULawIS/forms rating.html
98.07.07 10:52 B C:\Bakers IS folder\NULawIS\forms\rating2.html --> www.tezcat.com /usr/export/home4/bfranke/WWW/NULawIS/forms rating2.html
98.07.07 10:52 B C:\Bakers IS folder\NULawIS\forms\ratingtemplate.txt --> www.tezcat.com /usr/export/home4/bfranke/WWW/NULawIS/forms ratingtemplate.txt
98.07.07 10:52 B C:\Bakers IS folder\NULawIS\forms\ratingtest.html --> www.tezcat.com /usr/export/home4/bfranke/WWW/NULawIS/forms ratingtest.html
98.07.07 10:52 B C:\Bakers IS folder\NULawIS\forms\success.html --> www.tezcat.com /usr/export/home4/bfranke/WWW/NULawIS/forms success.html
98.07.07 10:52 B C:\Bakers IS folder\NULawIS\forms\success2.html --> www.tezcat.com /usr/export/home4/bfranke/WWW/NULawIS/forms success2.html
98.07.07 10:52 B C:\Bakers IS folder\NULawIS\forms\surveytemplate.txt --> www.tezcat.com /usr/export/home4/bfranke/WWW/NULawIS/forms surveytemplate.txt
98.07.07 10:52 B C:\Bakers IS folder\NULawIS\forms\techrating.txt --> www.tezcat.com /usr/export/home4/bfranke/WWW/NULawIS/forms techrating.txt
98.07.07 10:52 B C:\Bakers IS folder\NULawIS\forms\techrating2.txt --> www.tezcat.com /usr/export/home4/bfranke/WWW/NULawIS/forms techrating2.txt
98.07.07 10:52 B C:\Bakers IS folder\NULawIS\forms\techrating3.txt --> www.tezcat.com /usr/export/home4/bfranke/WWW/NULawIS/forms techrating3.txt
98.07.07 10:52 B C:\Bakers IS folder\NULawIS\forms\techratingtemp.txt --> www.tezcat.com /usr/export/home4/bfranke/WWW/NULawIS/forms techratingtemp.txt
98.07.07 10:52 B C:\Bakers IS folder\NULawIS\forms\template.txt --> www.tezcat.com /usr/export/home4/bfranke/WWW/NULawIS/forms template.txt
98.07.07 10:53 B C:\Bakers IS folder\NULawIS\forms\template2.txt --> www.tezcat.com /usr/export/home4/bfranke/WWW/NULawIS/forms template2.txt
98.07.07 10:53 B C:\Bakers IS folder\NULawIS\forms\win95.gif --> www.tezcat.com /usr/export/home4/bfranke/WWW/NULawIS/forms win95.gif
98.10.22 16:55 B C:\frakster\Fe\law\forms\WS_FTP.LOG <-- Baker on TEZCAT /usr/export/home4/bfranke/WWW/law/forms WS_FTP.LOG
