98.10.22 16:17 B C:\frakster\Fe\images\a-wing3.jpg <-- Baker on TEZCAT /usr/export/home4/bfranke/WWW/images a-wing3.jpg
98.10.22 16:17 B C:\frakster\Fe\images\a.gif <-- Baker on TEZCAT /usr/export/home4/bfranke/WWW/images a.gif
98.10.22 16:17 B C:\frakster\Fe\images\adampred.jpg <-- Baker on TEZCAT /usr/export/home4/bfranke/WWW/images adampred.jpg
98.10.22 16:17 B C:\frakster\Fe\images\agador.jpg <-- Baker on TEZCAT /usr/export/home4/bfranke/WWW/images agador.jpg
98.10.22 16:18 B C:\frakster\Fe\images\agador2.jpg <-- Baker on TEZCAT /usr/export/home4/bfranke/WWW/images agador2.jpg
98.10.22 16:18 B C:\frakster\Fe\images\artcube.jpg <-- Baker on TEZCAT /usr/export/home4/bfranke/WWW/images artcube.jpg
98.10.22 16:18 B C:\frakster\Fe\images\artcubesm.jpg <-- Baker on TEZCAT /usr/export/home4/bfranke/WWW/images artcubesm.jpg
98.10.22 16:18 B C:\frakster\Fe\images\artistic2.jpg <-- Baker on TEZCAT /usr/export/home4/bfranke/WWW/images artistic2.jpg
98.10.22 16:18 B C:\frakster\Fe\images\artisticsm.gif <-- Baker on TEZCAT /usr/export/home4/bfranke/WWW/images artisticsm.gif
98.10.22 16:19 B C:\frakster\Fe\images\attack.jpg <-- Baker on TEZCAT /usr/export/home4/bfranke/WWW/images attack.jpg
98.10.22 16:20 B C:\frakster\Fe\images\awesome.jpg <-- Baker on TEZCAT /usr/export/home4/bfranke/WWW/images awesome.jpg
98.10.22 16:21 B C:\frakster\Fe\images\awing.gif <-- Baker on TEZCAT /usr/export/home4/bfranke/WWW/images awing.gif
98.10.22 16:21 B C:\frakster\Fe\images\b-wing2.jpg <-- Baker on TEZCAT /usr/export/home4/bfranke/WWW/images b-wing2.jpg
98.10.22 16:21 B C:\frakster\Fe\images\b-wing3.jpg <-- Baker on TEZCAT /usr/export/home4/bfranke/WWW/images b-wing3.jpg
98.10.22 16:21 B C:\frakster\Fe\images\b2.jpg <-- Baker on TEZCAT /usr/export/home4/bfranke/WWW/images b2.jpg
98.10.22 16:22 B C:\frakster\Fe\images\b97.gif <-- Baker on TEZCAT /usr/export/home4/bfranke/WWW/images b97.gif
98.10.22 16:22 B C:\frakster\Fe\images\b972.gif <-- Baker on TEZCAT /usr/export/home4/bfranke/WWW/images b972.gif
98.10.22 16:22 B C:\frakster\Fe\images\ball.gif <-- Baker on TEZCAT /usr/export/home4/bfranke/WWW/images ball.gif
98.10.22 16:22 B C:\frakster\Fe\images\banner.gif <-- Baker on TEZCAT /usr/export/home4/bfranke/WWW/images banner.gif
98.10.22 16:23 B C:\frakster\Fe\images\banner.jpg <-- Baker on TEZCAT /usr/export/home4/bfranke/WWW/images banner.jpg
98.10.22 16:23 B C:\frakster\Fe\images\banner2.jpg <-- Baker on TEZCAT /usr/export/home4/bfranke/WWW/images banner2.jpg
98.10.22 16:23 B C:\frakster\Fe\images\banner3.jpg <-- Baker on TEZCAT /usr/export/home4/bfranke/WWW/images banner3.jpg
98.10.22 16:23 B C:\frakster\Fe\images\bsm.gif <-- Baker on TEZCAT /usr/export/home4/bfranke/WWW/images bsm.gif
98.10.22 16:24 B C:\frakster\Fe\images\candleman.jpg <-- Baker on TEZCAT /usr/export/home4/bfranke/WWW/images candleman.jpg
98.10.22 16:24 B C:\frakster\Fe\images\candlemansm.jpg <-- Baker on TEZCAT /usr/export/home4/bfranke/WWW/images candlemansm.jpg
98.10.22 16:24 B C:\frakster\Fe\images\comp.gif <-- Baker on TEZCAT /usr/export/home4/bfranke/WWW/images comp.gif
98.10.22 16:24 B C:\frakster\Fe\images\cover2.jpg <-- Baker on TEZCAT /usr/export/home4/bfranke/WWW/images cover2.jpg
98.10.22 16:24 B C:\frakster\Fe\images\coverside.jpg <-- Baker on TEZCAT /usr/export/home4/bfranke/WWW/images coverside.jpg
98.10.22 16:24 B C:\frakster\Fe\images\darke2.gif <-- Baker on TEZCAT /usr/export/home4/bfranke/WWW/images darke2.gif
98.10.22 16:24 B C:\frakster\Fe\images\darksphere.gif <-- Baker on TEZCAT /usr/export/home4/bfranke/WWW/images darksphere.gif
98.10.22 16:24 B C:\frakster\Fe\images\deep.gif <-- Baker on TEZCAT /usr/export/home4/bfranke/WWW/images deep.gif
98.10.22 16:25 B C:\frakster\Fe\images\dstroyer.gif <-- Baker on TEZCAT /usr/export/home4/bfranke/WWW/images dstroyer.gif
98.10.22 16:25 B C:\frakster\Fe\images\e1.gif <-- Baker on TEZCAT /usr/export/home4/bfranke/WWW/images e1.gif
98.10.22 16:25 B C:\frakster\Fe\images\email.gif <-- Baker on TEZCAT /usr/export/home4/bfranke/WWW/images email.gif
98.10.22 16:25 B C:\frakster\Fe\images\enter2.gif <-- Baker on TEZCAT /usr/export/home4/bfranke/WWW/images enter2.gif
98.10.22 16:25 B C:\frakster\Fe\images\f1.gif <-- Baker on TEZCAT /usr/export/home4/bfranke/WWW/images f1.gif
98.10.22 16:27 B C:\frakster\Fe\images\falcon.gif <-- Baker on TEZCAT /usr/export/home4/bfranke/WWW/images falcon.gif
98.10.22 16:27 B C:\frakster\Fe\images\ferip3.gif <-- Baker on TEZCAT /usr/export/home4/bfranke/WWW/images ferip3.gif
98.10.22 16:27 B C:\frakster\Fe\images\fp.gif <-- Baker on TEZCAT /usr/export/home4/bfranke/WWW/images fp.gif
98.10.22 16:27 B C:\frakster\Fe\images\fprises.jpg <-- Baker on TEZCAT /usr/export/home4/bfranke/WWW/images fprises.jpg
98.10.22 16:27 B C:\frakster\Fe\images\fprisesbig.jpg <-- Baker on TEZCAT /usr/export/home4/bfranke/WWW/images fprisesbig.jpg
98.10.22 16:27 B C:\frakster\Fe\images\fprisessm.gif <-- Baker on TEZCAT /usr/export/home4/bfranke/WWW/images fprisessm.gif
98.10.22 16:28 B C:\frakster\Fe\images\fralogo.gif <-- Baker on TEZCAT /usr/export/home4/bfranke/WWW/images fralogo.gif
98.10.22 16:28 B C:\frakster\Fe\images\framov.gif <-- Baker on TEZCAT /usr/export/home4/bfranke/WWW/images framov.gif
98.10.22 16:28 B C:\frakster\Fe\images\frax.gif <-- Baker on TEZCAT /usr/export/home4/bfranke/WWW/images frax.gif
98.10.22 16:28 B C:\frakster\Fe\images\friend.gif <-- Baker on TEZCAT /usr/export/home4/bfranke/WWW/images friend.gif
98.10.22 16:28 B C:\frakster\Fe\images\fsdescrip.gif <-- Baker on TEZCAT /usr/export/home4/bfranke/WWW/images fsdescrip.gif
98.10.22 16:28 B C:\frakster\Fe\images\fsrip3.gif <-- Baker on TEZCAT /usr/export/home4/bfranke/WWW/images fsrip3.gif
98.10.22 16:29 B C:\frakster\Fe\images\fwp.gif <-- Baker on TEZCAT /usr/export/home4/bfranke/WWW/images fwp.gif
98.10.22 16:30 B C:\frakster\Fe\images\fwp3.gif <-- Baker on TEZCAT /usr/export/home4/bfranke/WWW/images fwp3.gif
98.10.22 16:30 B C:\frakster\Fe\images\greenback.GIF <-- Baker on TEZCAT /usr/export/home4/bfranke/WWW/images greenback.GIF
98.10.22 16:30 B C:\frakster\Fe\images\guard.jpg <-- Baker on TEZCAT /usr/export/home4/bfranke/WWW/images guard.jpg
98.10.22 16:30 B C:\frakster\Fe\images\guardsm.gif <-- Baker on TEZCAT /usr/export/home4/bfranke/WWW/images guardsm.gif
98.10.22 16:30 B C:\frakster\Fe\images\hancarbb.jpg <-- Baker on TEZCAT /usr/export/home4/bfranke/WWW/images hancarbb.jpg
98.10.22 16:31 B C:\frakster\Fe\images\hand.gif <-- Baker on TEZCAT /usr/export/home4/bfranke/WWW/images hand.gif
98.10.22 16:31 B C:\frakster\Fe\images\hatside.jpg <-- Baker on TEZCAT /usr/export/home4/bfranke/WWW/images hatside.jpg
98.10.22 16:31 B C:\frakster\Fe\images\hattop.jpg <-- Baker on TEZCAT /usr/export/home4/bfranke/WWW/images hattop.jpg
98.10.22 16:31 B C:\frakster\Fe\images\home.gif <-- Baker on TEZCAT /usr/export/home4/bfranke/WWW/images home.gif
98.10.22 16:31 B C:\frakster\Fe\images\hommov.gif <-- Baker on TEZCAT /usr/export/home4/bfranke/WWW/images hommov.gif
98.10.22 16:31 B C:\frakster\Fe\images\homvader.jpg <-- Baker on TEZCAT /usr/export/home4/bfranke/WWW/images homvader.jpg
98.10.22 16:31 B C:\frakster\Fe\images\homx.gif <-- Baker on TEZCAT /usr/export/home4/bfranke/WWW/images homx.gif
98.10.22 16:31 B C:\frakster\Fe\images\humor.gif <-- Baker on TEZCAT /usr/export/home4/bfranke/WWW/images humor.gif
98.10.22 16:33 B C:\frakster\Fe\images\imperial_assault.gif <-- Baker on TEZCAT /usr/export/home4/bfranke/WWW/images imperial_assault.gif
98.10.22 16:33 B C:\frakster\Fe\images\intrcptr.jpg <-- Baker on TEZCAT /usr/export/home4/bfranke/WWW/images intrcptr.jpg
98.10.22 16:33 B C:\frakster\Fe\images\l.gif <-- Baker on TEZCAT /usr/export/home4/bfranke/WWW/images l.gif
98.10.22 16:33 B C:\frakster\Fe\images\lighte2.gif <-- Baker on TEZCAT /usr/export/home4/bfranke/WWW/images lighte2.gif
98.10.22 16:34 B C:\frakster\Fe\images\logo.gif <-- Baker on TEZCAT /usr/export/home4/bfranke/WWW/images logo.gif
98.10.22 16:34 B C:\frakster\Fe\images\logo3.jpg <-- Baker on TEZCAT /usr/export/home4/bfranke/WWW/images logo3.jpg
98.10.22 16:34 B C:\frakster\Fe\images\lowbox.gif <-- Baker on TEZCAT /usr/export/home4/bfranke/WWW/images lowbox.gif
98.10.22 16:34 B C:\frakster\Fe\images\lowleftbox.gif <-- Baker on TEZCAT /usr/export/home4/bfranke/WWW/images lowleftbox.gif
98.10.22 16:34 B C:\frakster\Fe\images\lowrightbox.gif <-- Baker on TEZCAT /usr/export/home4/bfranke/WWW/images lowrightbox.gif
98.10.22 16:34 B C:\frakster\Fe\images\ma.gif <-- Baker on TEZCAT /usr/export/home4/bfranke/WWW/images ma.gif
98.10.22 16:34 B C:\frakster\Fe\images\madescrip4.gif <-- Baker on TEZCAT /usr/export/home4/bfranke/WWW/images madescrip4.gif
98.10.22 16:34 B C:\frakster\Fe\images\me.jpg <-- Baker on TEZCAT /usr/export/home4/bfranke/WWW/images me.jpg
98.10.22 16:34 B C:\frakster\Fe\images\midbox.gif <-- Baker on TEZCAT /usr/export/home4/bfranke/WWW/images midbox.gif
98.10.22 16:34 B C:\frakster\Fe\images\myamov.gif <-- Baker on TEZCAT /usr/export/home4/bfranke/WWW/images myamov.gif
98.10.22 16:35 B C:\frakster\Fe\images\myart.gif <-- Baker on TEZCAT /usr/export/home4/bfranke/WWW/images myart.gif
98.10.22 16:35 B C:\frakster\Fe\images\myart2.gif <-- Baker on TEZCAT /usr/export/home4/bfranke/WWW/images myart2.gif
98.10.22 16:35 B C:\frakster\Fe\images\myart3.gif <-- Baker on TEZCAT /usr/export/home4/bfranke/WWW/images myart3.gif
98.10.22 16:35 B C:\frakster\Fe\images\myartrip2.gif <-- Baker on TEZCAT /usr/export/home4/bfranke/WWW/images myartrip2.gif
98.10.22 16:35 B C:\frakster\Fe\images\myax.gif <-- Baker on TEZCAT /usr/export/home4/bfranke/WWW/images myax.gif
98.10.22 16:35 B C:\frakster\Fe\images\nebulon.jpg <-- Baker on TEZCAT /usr/export/home4/bfranke/WWW/images nebulon.jpg
98.10.22 16:35 B C:\frakster\Fe\images\o.gif <-- Baker on TEZCAT /usr/export/home4/bfranke/WWW/images o.gif
98.10.22 16:36 B C:\frakster\Fe\images\opener.jpg <-- Baker on TEZCAT /usr/export/home4/bfranke/WWW/images opener.jpg
98.10.22 16:36 B C:\frakster\Fe\images\openmov2.gif <-- Baker on TEZCAT /usr/export/home4/bfranke/WWW/images openmov2.gif
98.10.22 16:36 B C:\frakster\Fe\images\openmov3.gif <-- Baker on TEZCAT /usr/export/home4/bfranke/WWW/images openmov3.gif
98.10.22 16:36 B C:\frakster\Fe\images\parkmov.gif <-- Baker on TEZCAT /usr/export/home4/bfranke/WWW/images parkmov.gif
98.10.22 16:36 B C:\frakster\Fe\images\pbubble.gif <-- Baker on TEZCAT /usr/export/home4/bfranke/WWW/images pbubble.gif
98.10.22 16:36 B C:\frakster\Fe\images\plink.gif <-- Baker on TEZCAT /usr/export/home4/bfranke/WWW/images plink.gif
98.10.22 16:37 B C:\frakster\Fe\images\predetor.gif <-- Baker on TEZCAT /usr/export/home4/bfranke/WWW/images predetor.gif
98.10.22 16:38 B C:\frakster\Fe\images\predsm.gif <-- Baker on TEZCAT /usr/export/home4/bfranke/WWW/images predsm.gif
98.10.22 16:38 B C:\frakster\Fe\images\predsm.jpg <-- Baker on TEZCAT /usr/export/home4/bfranke/WWW/images predsm.jpg
98.10.22 16:38 B C:\frakster\Fe\images\pulsefe3.gif <-- Baker on TEZCAT /usr/export/home4/bfranke/WWW/images pulsefe3.gif
98.10.22 16:38 B C:\frakster\Fe\images\qdescrip2.gif <-- Baker on TEZCAT /usr/export/home4/bfranke/WWW/images qdescrip2.gif
98.10.22 16:38 B C:\frakster\Fe\images\quotes.gif <-- Baker on TEZCAT /usr/export/home4/bfranke/WWW/images quotes.gif
98.10.22 16:38 B C:\frakster\Fe\images\quotesrip3.gif <-- Baker on TEZCAT /usr/export/home4/bfranke/WWW/images quotesrip3.gif
98.10.22 16:38 B C:\frakster\Fe\images\reglogo.gif <-- Baker on TEZCAT /usr/export/home4/bfranke/WWW/images reglogo.gif
98.10.22 16:39 B C:\frakster\Fe\images\ripmov.gif <-- Baker on TEZCAT /usr/export/home4/bfranke/WWW/images ripmov.gif
98.10.22 16:39 B C:\frakster\Fe\images\santa.jpg <-- Baker on TEZCAT /usr/export/home4/bfranke/WWW/images santa.jpg
98.10.22 16:39 B C:\frakster\Fe\images\shark.jpg <-- Baker on TEZCAT /usr/export/home4/bfranke/WWW/images shark.jpg
98.10.22 16:39 B C:\frakster\Fe\images\sharksm.gif <-- Baker on TEZCAT /usr/export/home4/bfranke/WWW/images sharksm.gif
98.10.22 16:39 B C:\frakster\Fe\images\sidefe2.gif <-- Baker on TEZCAT /usr/export/home4/bfranke/WWW/images sidefe2.gif
98.10.22 16:39 B C:\frakster\Fe\images\sidefs.gif <-- Baker on TEZCAT /usr/export/home4/bfranke/WWW/images sidefs.gif
98.10.22 16:39 B C:\frakster\Fe\images\sidefsoff.gif <-- Baker on TEZCAT /usr/export/home4/bfranke/WWW/images sidefsoff.gif
98.10.22 16:40 B C:\frakster\Fe\images\sidefson.gif <-- Baker on TEZCAT /usr/export/home4/bfranke/WWW/images sidefson.gif
98.10.22 16:40 B C:\frakster\Fe\images\sidehoff.gif <-- Baker on TEZCAT /usr/export/home4/bfranke/WWW/images sidehoff.gif
98.10.22 16:40 B C:\frakster\Fe\images\sidehome1.gif <-- Baker on TEZCAT /usr/export/home4/bfranke/WWW/images sidehome1.gif
98.10.22 16:40 B C:\frakster\Fe\images\sidehome2.gif <-- Baker on TEZCAT /usr/export/home4/bfranke/WWW/images sidehome2.gif
98.10.22 16:40 B C:\frakster\Fe\images\sidehon.gif <-- Baker on TEZCAT /usr/export/home4/bfranke/WWW/images sidehon.gif
98.10.22 16:40 B C:\frakster\Fe\images\sidema.gif <-- Baker on TEZCAT /usr/export/home4/bfranke/WWW/images sidema.gif
98.10.22 16:40 B C:\frakster\Fe\images\sidemaoff.gif <-- Baker on TEZCAT /usr/export/home4/bfranke/WWW/images sidemaoff.gif
98.10.22 16:40 B C:\frakster\Fe\images\sidemaon.gif <-- Baker on TEZCAT /usr/export/home4/bfranke/WWW/images sidemaon.gif
98.10.22 16:40 B C:\frakster\Fe\images\sideq.gif <-- Baker on TEZCAT /usr/export/home4/bfranke/WWW/images sideq.gif
98.10.22 16:40 B C:\frakster\Fe\images\sideqoff.gif <-- Baker on TEZCAT /usr/export/home4/bfranke/WWW/images sideqoff.gif
98.10.22 16:40 B C:\frakster\Fe\images\sideqon.gif <-- Baker on TEZCAT /usr/export/home4/bfranke/WWW/images sideqon.gif
98.10.22 16:40 B C:\frakster\Fe\images\sidesp.gif <-- Baker on TEZCAT /usr/export/home4/bfranke/WWW/images sidesp.gif
98.10.22 16:40 B C:\frakster\Fe\images\sidespoff.gif <-- Baker on TEZCAT /usr/export/home4/bfranke/WWW/images sidespoff.gif
98.10.22 16:41 B C:\frakster\Fe\images\sidespon.gif <-- Baker on TEZCAT /usr/export/home4/bfranke/WWW/images sidespon.gif
98.10.22 16:41 B C:\frakster\Fe\images\sp.gif <-- Baker on TEZCAT /usr/export/home4/bfranke/WWW/images sp.gif
98.10.22 16:41 B C:\frakster\Fe\images\spacer.gif <-- Baker on TEZCAT /usr/export/home4/bfranke/WWW/images spacer.gif
98.10.22 16:41 B C:\frakster\Fe\images\spdescrip3.gif <-- Baker on TEZCAT /usr/export/home4/bfranke/WWW/images spdescrip3.gif
98.10.22 16:41 B C:\frakster\Fe\images\spicsrip2.gif <-- Baker on TEZCAT /usr/export/home4/bfranke/WWW/images spicsrip2.gif
98.10.22 16:41 B C:\frakster\Fe\images\spikeball.gif <-- Baker on TEZCAT /usr/export/home4/bfranke/WWW/images spikeball.gif
98.10.22 16:41 B C:\frakster\Fe\images\stamov.gif <-- Baker on TEZCAT /usr/export/home4/bfranke/WWW/images stamov.gif
98.10.22 16:42 B C:\frakster\Fe\images\starpics.gif <-- Baker on TEZCAT /usr/export/home4/bfranke/WWW/images starpics.gif
98.10.22 16:42 B C:\frakster\Fe\images\starquotes.gif <-- Baker on TEZCAT /usr/export/home4/bfranke/WWW/images starquotes.gif
98.10.22 16:42 B C:\frakster\Fe\images\stax.gif <-- Baker on TEZCAT /usr/export/home4/bfranke/WWW/images stax.gif
98.10.22 16:42 B C:\frakster\Fe\images\stonehngbig1.jpg <-- Baker on TEZCAT /usr/export/home4/bfranke/WWW/images stonehngbig1.jpg
98.10.22 16:42 B C:\frakster\Fe\images\stonehngsm.gif <-- Baker on TEZCAT /usr/export/home4/bfranke/WWW/images stonehngsm.gif
98.10.22 16:42 B C:\frakster\Fe\images\sunspot.gif <-- Baker on TEZCAT /usr/export/home4/bfranke/WWW/images sunspot.gif
98.10.22 16:42 B C:\frakster\Fe\images\taglines.gif <-- Baker on TEZCAT /usr/export/home4/bfranke/WWW/images taglines.gif
98.10.22 16:42 B C:\frakster\Fe\images\tagmov.gif <-- Baker on TEZCAT /usr/export/home4/bfranke/WWW/images tagmov.gif
98.10.22 16:43 B C:\frakster\Fe\images\tagx.gif <-- Baker on TEZCAT /usr/export/home4/bfranke/WWW/images tagx.gif
98.10.22 16:43 B C:\frakster\Fe\images\thankyou.gif <-- Baker on TEZCAT /usr/export/home4/bfranke/WWW/images thankyou.gif
98.10.22 16:43 B C:\frakster\Fe\images\tie-int02.gif <-- Baker on TEZCAT /usr/export/home4/bfranke/WWW/images tie-int02.gif
98.10.22 16:43 B C:\frakster\Fe\images\tie1.jpg <-- Baker on TEZCAT /usr/export/home4/bfranke/WWW/images tie1.jpg
98.10.22 16:43 B C:\frakster\Fe\images\tisquad.jpg <-- Baker on TEZCAT /usr/export/home4/bfranke/WWW/images tisquad.jpg
98.10.22 16:43 B C:\frakster\Fe\images\tl.gif <-- Baker on TEZCAT /usr/export/home4/bfranke/WWW/images tl.gif
98.10.22 16:44 B C:\frakster\Fe\images\topbar.gif <-- Baker on TEZCAT /usr/export/home4/bfranke/WWW/images topbar.gif
98.10.22 16:44 B C:\frakster\Fe\images\topbox.gif <-- Baker on TEZCAT /usr/export/home4/bfranke/WWW/images topbox.gif
98.10.22 16:44 B C:\frakster\Fe\images\toprightbox.gif <-- Baker on TEZCAT /usr/export/home4/bfranke/WWW/images toprightbox.gif
98.10.22 16:44 B C:\frakster\Fe\images\toptext.gif <-- Baker on TEZCAT /usr/export/home4/bfranke/WWW/images toptext.gif
98.10.22 16:44 B C:\frakster\Fe\images\tube3.gif <-- Baker on TEZCAT /usr/export/home4/bfranke/WWW/images tube3.gif
98.10.22 16:44 B C:\frakster\Fe\images\vdrchoke.jpg <-- Baker on TEZCAT /usr/export/home4/bfranke/WWW/images vdrchoke.jpg
98.10.22 16:44 B C:\frakster\Fe\images\webinsite.jpg <-- Baker on TEZCAT /usr/export/home4/bfranke/WWW/images webinsite.jpg
98.10.22 16:44 B C:\frakster\Fe\images\webinsitesm.gif <-- Baker on TEZCAT /usr/export/home4/bfranke/WWW/images webinsitesm.gif
98.10.22 16:44 B C:\frakster\Fe\images\xfralogo.gif <-- Baker on TEZCAT /usr/export/home4/bfranke/WWW/images xfralogo.gif
98.10.22 16:45 B C:\frakster\Fe\images\xmyart.gif <-- Baker on TEZCAT /usr/export/home4/bfranke/WWW/images xmyart.gif
98.10.22 16:45 B C:\frakster\Fe\images\xplink.gif <-- Baker on TEZCAT /usr/export/home4/bfranke/WWW/images xplink.gif
98.10.22 16:45 B C:\frakster\Fe\images\xquotes.gif <-- Baker on TEZCAT /usr/export/home4/bfranke/WWW/images xquotes.gif
98.10.22 16:45 B C:\frakster\Fe\images\xstarpics.gif <-- Baker on TEZCAT /usr/export/home4/bfranke/WWW/images xstarpics.gif
98.10.22 16:45 B C:\frakster\Fe\images\xwing.jpg <-- Baker on TEZCAT /usr/export/home4/bfranke/WWW/images xwing.jpg
98.10.22 16:45 B C:\frakster\Fe\images\xwingdiag.gif <-- Baker on TEZCAT /usr/export/home4/bfranke/WWW/images xwingdiag.gif
98.10.22 16:46 B C:\frakster\Fe\images\y-wing2.jpg <-- Baker on TEZCAT /usr/export/home4/bfranke/WWW/images y-wing2.jpg
98.10.22 16:46 B C:\frakster\Fe\images\yoda.jpg <-- Baker on TEZCAT /usr/export/home4/bfranke/WWW/images yoda.jpg
