98.06.17 17:00 B C:\Bakers IS folder\NULawIS\isinfo\botleftseal.gif --> www.tezcat.com /usr/export/home4/bfranke/WWW/law/isinfo botleftseal.gif
98.06.17 17:00 B C:\Bakers IS folder\NULawIS\isinfo\contactdark.gif --> www.tezcat.com /usr/export/home4/bfranke/WWW/law/isinfo contactdark.gif
98.06.17 17:00 B C:\Bakers IS folder\NULawIS\isinfo\contactlight.gif --> www.tezcat.com /usr/export/home4/bfranke/WWW/law/isinfo contactlight.gif
98.06.17 17:00 B C:\Bakers IS folder\NULawIS\isinfo\isnewsdark.gif --> www.tezcat.com /usr/export/home4/bfranke/WWW/law/isinfo isnewsdark.gif
98.06.17 17:00 B C:\Bakers IS folder\NULawIS\isinfo\isnewslight.gif --> www.tezcat.com /usr/export/home4/bfranke/WWW/law/isinfo isnewslight.gif
98.06.17 17:00 B C:\Bakers IS folder\NULawIS\isinfo\modemdark.gif --> www.tezcat.com /usr/export/home4/bfranke/WWW/law/isinfo modemdark.gif
98.06.17 17:00 B C:\Bakers IS folder\NULawIS\isinfo\modemlight.gif --> www.tezcat.com /usr/export/home4/bfranke/WWW/law/isinfo modemlight.gif
98.06.17 17:00 B C:\Bakers IS folder\NULawIS\isinfo\statsdark.gif --> www.tezcat.com /usr/export/home4/bfranke/WWW/law/isinfo statsdark.gif
98.06.17 17:00 B C:\Bakers IS folder\NULawIS\isinfo\statslight.gif --> www.tezcat.com /usr/export/home4/bfranke/WWW/law/isinfo statslight.gif
98.06.17 17:00 B C:\Bakers IS folder\NULawIS\isinfo\topisinfo.gif --> www.tezcat.com /usr/export/home4/bfranke/WWW/law/isinfo topisinfo.gif
98.06.17 17:00 B C:\Bakers IS folder\NULawIS\isinfo\whodark.gif --> www.tezcat.com /usr/export/home4/bfranke/WWW/law/isinfo whodark.gif
98.06.17 17:00 B C:\Bakers IS folder\NULawIS\isinfo\wholight.gif --> www.tezcat.com /usr/export/home4/bfranke/WWW/law/isinfo wholight.gif
98.06.17 17:46 B C:\Bakers IS folder\NULawIS\isinfo\contact.html --> www.tezcat.com /usr/export/home4/bfranke/WWW/law/isinfo contact.html
98.06.17 17:46 B C:\Bakers IS folder\NULawIS\isinfo\isnews.html --> www.tezcat.com /usr/export/home4/bfranke/WWW/law/isinfo isnews.html
98.06.17 17:46 B C:\Bakers IS folder\NULawIS\isinfo\modem.html --> www.tezcat.com /usr/export/home4/bfranke/WWW/law/isinfo modem.html
98.06.17 17:46 B C:\Bakers IS folder\NULawIS\isinfo\stats.html --> www.tezcat.com /usr/export/home4/bfranke/WWW/law/isinfo stats.html
98.06.17 17:46 B C:\Bakers IS folder\NULawIS\isinfo\who.html --> www.tezcat.com /usr/export/home4/bfranke/WWW/law/isinfo who.html
98.07.07 10:58 B C:\Bakers IS folder\NULawIS\isinfo\botleftseal.gif --> www.tezcat.com /usr/export/home4/bfranke/WWW/NULawIS/isinfo botleftseal.gif
98.07.07 10:58 B C:\Bakers IS folder\NULawIS\isinfo\christel.gif --> www.tezcat.com /usr/export/home4/bfranke/WWW/NULawIS/isinfo christel.gif
98.07.07 10:58 B C:\Bakers IS folder\NULawIS\isinfo\christelsm.gif --> www.tezcat.com /usr/export/home4/bfranke/WWW/NULawIS/isinfo christelsm.gif
98.07.07 10:58 B C:\Bakers IS folder\NULawIS\isinfo\contact.html --> www.tezcat.com /usr/export/home4/bfranke/WWW/NULawIS/isinfo contact.html
98.07.07 10:58 B C:\Bakers IS folder\NULawIS\isinfo\contactdark.gif --> www.tezcat.com /usr/export/home4/bfranke/WWW/NULawIS/isinfo contactdark.gif
98.07.07 10:58 B C:\Bakers IS folder\NULawIS\isinfo\contactlight.gif --> www.tezcat.com /usr/export/home4/bfranke/WWW/NULawIS/isinfo contactlight.gif
98.07.07 10:58 B C:\Bakers IS folder\NULawIS\isinfo\isnews.html --> www.tezcat.com /usr/export/home4/bfranke/WWW/NULawIS/isinfo isnews.html
98.07.07 10:58 B C:\Bakers IS folder\NULawIS\isinfo\isnewsdark.gif --> www.tezcat.com /usr/export/home4/bfranke/WWW/NULawIS/isinfo isnewsdark.gif
98.07.07 10:58 B C:\Bakers IS folder\NULawIS\isinfo\isnewslight.gif --> www.tezcat.com /usr/export/home4/bfranke/WWW/NULawIS/isinfo isnewslight.gif
98.07.07 10:58 B C:\Bakers IS folder\NULawIS\isinfo\jack.gif --> www.tezcat.com /usr/export/home4/bfranke/WWW/NULawIS/isinfo jack.gif
98.07.07 10:59 B C:\Bakers IS folder\NULawIS\isinfo\jack2.gif --> www.tezcat.com /usr/export/home4/bfranke/WWW/NULawIS/isinfo jack2.gif
98.07.07 10:59 B C:\Bakers IS folder\NULawIS\isinfo\jacksm.gif --> www.tezcat.com /usr/export/home4/bfranke/WWW/NULawIS/isinfo jacksm.gif
98.07.07 10:59 B C:\Bakers IS folder\NULawIS\isinfo\modem.html --> www.tezcat.com /usr/export/home4/bfranke/WWW/NULawIS/isinfo modem.html
98.07.07 10:59 B C:\Bakers IS folder\NULawIS\isinfo\modemdark.gif --> www.tezcat.com /usr/export/home4/bfranke/WWW/NULawIS/isinfo modemdark.gif
98.07.07 10:59 B C:\Bakers IS folder\NULawIS\isinfo\modemlight.gif --> www.tezcat.com /usr/export/home4/bfranke/WWW/NULawIS/isinfo modemlight.gif
98.07.07 10:59 B C:\Bakers IS folder\NULawIS\isinfo\openlogo.gif --> www.tezcat.com /usr/export/home4/bfranke/WWW/NULawIS/isinfo openlogo.gif
98.07.07 10:59 B C:\Bakers IS folder\NULawIS\isinfo\ping.gif --> www.tezcat.com /usr/export/home4/bfranke/WWW/NULawIS/isinfo ping.gif
98.07.07 10:59 B C:\Bakers IS folder\NULawIS\isinfo\pingsm.gif --> www.tezcat.com /usr/export/home4/bfranke/WWW/NULawIS/isinfo pingsm.gif
98.07.07 10:59 B C:\Bakers IS folder\NULawIS\isinfo\stats.html --> www.tezcat.com /usr/export/home4/bfranke/WWW/NULawIS/isinfo stats.html
98.07.07 10:59 B C:\Bakers IS folder\NULawIS\isinfo\statsdark.gif --> www.tezcat.com /usr/export/home4/bfranke/WWW/NULawIS/isinfo statsdark.gif
98.07.07 10:59 B C:\Bakers IS folder\NULawIS\isinfo\statslight.gif --> www.tezcat.com /usr/export/home4/bfranke/WWW/NULawIS/isinfo statslight.gif
98.07.07 10:59 B C:\Bakers IS folder\NULawIS\isinfo\topisinfo.gif --> www.tezcat.com /usr/export/home4/bfranke/WWW/NULawIS/isinfo topisinfo.gif
98.07.07 10:59 B C:\Bakers IS folder\NULawIS\isinfo\who.html --> www.tezcat.com /usr/export/home4/bfranke/WWW/NULawIS/isinfo who.html
98.07.07 10:59 B C:\Bakers IS folder\NULawIS\isinfo\whodark.gif --> www.tezcat.com /usr/export/home4/bfranke/WWW/NULawIS/isinfo whodark.gif
98.07.07 10:59 B C:\Bakers IS folder\NULawIS\isinfo\wholight.gif --> www.tezcat.com /usr/export/home4/bfranke/WWW/NULawIS/isinfo wholight.gif
98.10.22 17:05 B C:\frakster\Fe\law\isinfo\WS_FTP.LOG <-- Baker on TEZCAT /usr/export/home4/bfranke/WWW/law/isinfo WS_FTP.LOG
