98.10.22 17:13 B C:\frakster\Fe\parker\1.gif <-- Baker on TEZCAT /usr/export/home4/bfranke/WWW/parker 1.gif
98.10.22 17:13 B C:\frakster\Fe\parker\2.gif <-- Baker on TEZCAT /usr/export/home4/bfranke/WWW/parker 2.gif
98.10.22 17:13 B C:\frakster\Fe\parker\3.gif <-- Baker on TEZCAT /usr/export/home4/bfranke/WWW/parker 3.gif
98.10.22 17:13 B C:\frakster\Fe\parker\4.gif <-- Baker on TEZCAT /usr/export/home4/bfranke/WWW/parker 4.gif
98.10.22 17:13 B C:\frakster\Fe\parker\5.gif <-- Baker on TEZCAT /usr/export/home4/bfranke/WWW/parker 5.gif
98.10.22 17:14 B C:\frakster\Fe\parker\6.gif <-- Baker on TEZCAT /usr/export/home4/bfranke/WWW/parker 6.gif
98.10.22 17:14 B C:\frakster\Fe\parker\about.gif <-- Baker on TEZCAT /usr/export/home4/bfranke/WWW/parker about.gif
98.10.22 17:14 B C:\frakster\Fe\parker\about1.gif <-- Baker on TEZCAT /usr/export/home4/bfranke/WWW/parker about1.gif
98.10.22 17:14 B C:\frakster\Fe\parker\aboutx.gif <-- Baker on TEZCAT /usr/export/home4/bfranke/WWW/parker aboutx.gif
98.10.22 17:14 B C:\frakster\Fe\parker\alum.gif <-- Baker on TEZCAT /usr/export/home4/bfranke/WWW/parker alum.gif
98.10.22 17:14 B C:\frakster\Fe\parker\alum1.gif <-- Baker on TEZCAT /usr/export/home4/bfranke/WWW/parker alum1.gif
98.10.22 17:14 B C:\frakster\Fe\parker\alumx.gif <-- Baker on TEZCAT /usr/export/home4/bfranke/WWW/parker alumx.gif
98.10.22 17:14 B C:\frakster\Fe\parker\bot.gif <-- Baker on TEZCAT /usr/export/home4/bfranke/WWW/parker bot.gif
98.10.22 17:14 B C:\frakster\Fe\parker\center.gif <-- Baker on TEZCAT /usr/export/home4/bfranke/WWW/parker center.gif
98.10.22 17:14 B C:\frakster\Fe\parker\curric.gif <-- Baker on TEZCAT /usr/export/home4/bfranke/WWW/parker curric.gif
98.10.22 17:14 B C:\frakster\Fe\parker\curric1.gif <-- Baker on TEZCAT /usr/export/home4/bfranke/WWW/parker curric1.gif
98.10.22 17:14 B C:\frakster\Fe\parker\curricx.gif <-- Baker on TEZCAT /usr/export/home4/bfranke/WWW/parker curricx.gif
98.10.22 17:14 B C:\frakster\Fe\parker\exhib.gif <-- Baker on TEZCAT /usr/export/home4/bfranke/WWW/parker exhib.gif
98.10.22 17:14 B C:\frakster\Fe\parker\exhib1.gif <-- Baker on TEZCAT /usr/export/home4/bfranke/WWW/parker exhib1.gif
98.10.22 17:14 B C:\frakster\Fe\parker\exhibx.gif <-- Baker on TEZCAT /usr/export/home4/bfranke/WWW/parker exhibx.gif
98.10.22 17:14 B C:\frakster\Fe\parker\fac.gif <-- Baker on TEZCAT /usr/export/home4/bfranke/WWW/parker fac.gif
98.10.22 17:15 B C:\frakster\Fe\parker\fac1.gif <-- Baker on TEZCAT /usr/export/home4/bfranke/WWW/parker fac1.gif
98.10.22 17:15 B C:\frakster\Fe\parker\facx.gif <-- Baker on TEZCAT /usr/export/home4/bfranke/WWW/parker facx.gif
98.10.22 17:15 B C:\frakster\Fe\parker\index.html <-- Baker on TEZCAT /usr/export/home4/bfranke/WWW/parker index.html
98.10.22 17:15 B C:\frakster\Fe\parker\index2.html <-- Baker on TEZCAT /usr/export/home4/bfranke/WWW/parker index2.html
98.10.22 17:15 B C:\frakster\Fe\parker\jsmenu.class <-- Baker on TEZCAT /usr/export/home4/bfranke/WWW/parker jsmenu.class
98.10.22 17:15 B C:\frakster\Fe\parker\LWare.class <-- Baker on TEZCAT /usr/export/home4/bfranke/WWW/parker LWare.class
98.10.22 17:15 B C:\frakster\Fe\parker\MyGrab.class <-- Baker on TEZCAT /usr/export/home4/bfranke/WWW/parker MyGrab.class
98.10.22 17:15 B C:\frakster\Fe\parker\MyPut.class <-- Baker on TEZCAT /usr/export/home4/bfranke/WWW/parker MyPut.class
98.10.22 17:15 B C:\frakster\Fe\parker\stu.gif <-- Baker on TEZCAT /usr/export/home4/bfranke/WWW/parker stu.gif
98.10.22 17:15 B C:\frakster\Fe\parker\stu1.gif <-- Baker on TEZCAT /usr/export/home4/bfranke/WWW/parker stu1.gif
98.10.22 17:15 B C:\frakster\Fe\parker\stux.gif <-- Baker on TEZCAT /usr/export/home4/bfranke/WWW/parker stux.gif
98.10.22 17:15 B C:\frakster\Fe\parker\top.gif <-- Baker on TEZCAT /usr/export/home4/bfranke/WWW/parker top.gif
