98.10.22 17:16 B C:\frakster\Fe\sounds\angrysea.wav <-- Baker on TEZCAT /usr/export/home4/bfranke/WWW/sounds angrysea.wav
98.10.22 17:16 B C:\frakster\Fe\sounds\bitch2.wav <-- Baker on TEZCAT /usr/export/home4/bfranke/WWW/sounds bitch2.wav
98.10.22 17:17 B C:\frakster\Fe\sounds\busdvr.wav <-- Baker on TEZCAT /usr/export/home4/bfranke/WWW/sounds busdvr.wav
98.10.22 17:17 B C:\frakster\Fe\sounds\cfin.wav <-- Baker on TEZCAT /usr/export/home4/bfranke/WWW/sounds cfin.wav
98.10.22 17:18 B C:\frakster\Fe\sounds\chunky.wav <-- Baker on TEZCAT /usr/export/home4/bfranke/WWW/sounds chunky.wav
98.10.22 17:18 B C:\frakster\Fe\sounds\dick.wav <-- Baker on TEZCAT /usr/export/home4/bfranke/WWW/sounds dick.wav
98.10.22 17:18 B C:\frakster\Fe\sounds\dsntgrt.wav <-- Baker on TEZCAT /usr/export/home4/bfranke/WWW/sounds dsntgrt.wav
98.10.22 17:18 B C:\frakster\Fe\sounds\finger.wav <-- Baker on TEZCAT /usr/export/home4/bfranke/WWW/sounds finger.wav
98.10.22 17:18 B C:\frakster\Fe\sounds\frank.wav <-- Baker on TEZCAT /usr/export/home4/bfranke/WWW/sounds frank.wav
98.10.22 17:19 B C:\frakster\Fe\sounds\ftran.wav <-- Baker on TEZCAT /usr/export/home4/bfranke/WWW/sounds ftran.wav
98.10.22 17:19 B C:\frakster\Fe\sounds\fuzzball.wav <-- Baker on TEZCAT /usr/export/home4/bfranke/WWW/sounds fuzzball.wav
98.10.22 17:19 B C:\frakster\Fe\sounds\givkiss.wav <-- Baker on TEZCAT /usr/export/home4/bfranke/WWW/sounds givkiss.wav
98.10.22 17:20 B C:\frakster\Fe\sounds\gladyrhr.wav <-- Baker on TEZCAT /usr/export/home4/bfranke/WWW/sounds gladyrhr.wav
98.10.22 17:20 B C:\frakster\Fe\sounds\glasmilk.wav <-- Baker on TEZCAT /usr/export/home4/bfranke/WWW/sounds glasmilk.wav
98.10.22 17:20 B C:\frakster\Fe\sounds\hands.wav <-- Baker on TEZCAT /usr/export/home4/bfranke/WWW/sounds hands.wav
98.10.22 17:20 B C:\frakster\Fe\sounds\hatecomp.wav <-- Baker on TEZCAT /usr/export/home4/bfranke/WWW/sounds hatecomp.wav
98.10.22 17:21 B C:\frakster\Fe\sounds\havesex.wav <-- Baker on TEZCAT /usr/export/home4/bfranke/WWW/sounds havesex.wav
98.10.22 17:21 B C:\frakster\Fe\sounds\heedpnts.wav <-- Baker on TEZCAT /usr/export/home4/bfranke/WWW/sounds heedpnts.wav
98.10.22 17:21 B C:\frakster\Fe\sounds\hellonmn.wav <-- Baker on TEZCAT /usr/export/home4/bfranke/WWW/sounds hellonmn.wav
98.10.22 17:22 B C:\frakster\Fe\sounds\shelly.wav <-- Baker on TEZCAT /usr/export/home4/bfranke/WWW/sounds shelly.wav
