98.06.17 16:59 B C:\Bakers IS folder\NULawIS\faculty\botleft.gif --> www.tezcat.com /usr/export/home4/bfranke/WWW/law/faculty botleft.gif
98.06.17 16:59 B C:\Bakers IS folder\NULawIS\faculty\computing.html --> www.tezcat.com /usr/export/home4/bfranke/WWW/law/faculty computing.html
98.06.17 16:59 B C:\Bakers IS folder\NULawIS\faculty\computingdark.gif --> www.tezcat.com /usr/export/home4/bfranke/WWW/law/faculty computingdark.gif
98.06.17 16:59 B C:\Bakers IS folder\NULawIS\faculty\computinglight.gif --> www.tezcat.com /usr/export/home4/bfranke/WWW/law/faculty computinglight.gif
98.06.17 16:59 B C:\Bakers IS folder\NULawIS\faculty\email.html --> www.tezcat.com /usr/export/home4/bfranke/WWW/law/faculty email.html
98.06.17 16:59 B C:\Bakers IS folder\NULawIS\faculty\emaildark.gif --> www.tezcat.com /usr/export/home4/bfranke/WWW/law/faculty emaildark.gif
98.06.17 16:59 B C:\Bakers IS folder\NULawIS\faculty\emaillight.gif --> www.tezcat.com /usr/export/home4/bfranke/WWW/law/faculty emaillight.gif
98.06.17 16:59 B C:\Bakers IS folder\NULawIS\faculty\faq.html --> www.tezcat.com /usr/export/home4/bfranke/WWW/law/faculty faq.html
98.06.17 16:59 B C:\Bakers IS folder\NULawIS\faculty\faqdark.gif --> www.tezcat.com /usr/export/home4/bfranke/WWW/law/faculty faqdark.gif
98.06.17 16:59 B C:\Bakers IS folder\NULawIS\faculty\faqlight.gif --> www.tezcat.com /usr/export/home4/bfranke/WWW/law/faculty faqlight.gif
98.06.17 16:59 B C:\Bakers IS folder\NULawIS\faculty\gethelp.html --> www.tezcat.com /usr/export/home4/bfranke/WWW/law/faculty gethelp.html
98.06.17 16:59 B C:\Bakers IS folder\NULawIS\faculty\gethelpdark.gif --> www.tezcat.com /usr/export/home4/bfranke/WWW/law/faculty gethelpdark.gif
98.06.17 16:59 B C:\Bakers IS folder\NULawIS\faculty\gethelplight.gif --> www.tezcat.com /usr/export/home4/bfranke/WWW/law/faculty gethelplight.gif
98.06.17 16:59 B C:\Bakers IS folder\NULawIS\faculty\modem.html --> www.tezcat.com /usr/export/home4/bfranke/WWW/law/faculty modem.html
98.06.17 16:59 B C:\Bakers IS folder\NULawIS\faculty\modemdark.gif --> www.tezcat.com /usr/export/home4/bfranke/WWW/law/faculty modemdark.gif
98.06.17 16:59 B C:\Bakers IS folder\NULawIS\faculty\modemlight.gif --> www.tezcat.com /usr/export/home4/bfranke/WWW/law/faculty modemlight.gif
98.06.17 16:59 B C:\Bakers IS folder\NULawIS\faculty\purchase.html --> www.tezcat.com /usr/export/home4/bfranke/WWW/law/faculty purchase.html
98.06.17 16:59 B C:\Bakers IS folder\NULawIS\faculty\purchasedark.gif --> www.tezcat.com /usr/export/home4/bfranke/WWW/law/faculty purchasedark.gif
98.06.17 16:59 B C:\Bakers IS folder\NULawIS\faculty\purchaselight.gif --> www.tezcat.com /usr/export/home4/bfranke/WWW/law/faculty purchaselight.gif
98.06.17 16:59 B C:\Bakers IS folder\NULawIS\faculty\softdark.gif --> www.tezcat.com /usr/export/home4/bfranke/WWW/law/faculty softdark.gif
98.06.17 16:59 B C:\Bakers IS folder\NULawIS\faculty\softlight.gif --> www.tezcat.com /usr/export/home4/bfranke/WWW/law/faculty softlight.gif
98.06.17 16:59 B C:\Bakers IS folder\NULawIS\faculty\software.html --> www.tezcat.com /usr/export/home4/bfranke/WWW/law/faculty software.html
98.06.17 16:59 B C:\Bakers IS folder\NULawIS\faculty\spacer.gif --> www.tezcat.com /usr/export/home4/bfranke/WWW/law/faculty spacer.gif
98.06.17 16:59 B C:\Bakers IS folder\NULawIS\faculty\topfacstaff.gif --> www.tezcat.com /usr/export/home4/bfranke/WWW/law/faculty topfacstaff.gif
98.06.17 17:00 B C:\Bakers IS folder\NULawIS\faculty\traindark.gif --> www.tezcat.com /usr/export/home4/bfranke/WWW/law/faculty traindark.gif
98.06.17 17:00 B C:\Bakers IS folder\NULawIS\faculty\training.html --> www.tezcat.com /usr/export/home4/bfranke/WWW/law/faculty training.html
98.06.17 17:00 B C:\Bakers IS folder\NULawIS\faculty\trainlight.gif --> www.tezcat.com /usr/export/home4/bfranke/WWW/law/faculty trainlight.gif
98.06.17 17:00 B C:\Bakers IS folder\NULawIS\faculty\webpage.html --> www.tezcat.com /usr/export/home4/bfranke/WWW/law/faculty webpage.html
98.06.17 17:00 B C:\Bakers IS folder\NULawIS\faculty\webpagedark.gif --> www.tezcat.com /usr/export/home4/bfranke/WWW/law/faculty webpagedark.gif
98.06.17 17:00 B C:\Bakers IS folder\NULawIS\faculty\webpagelight.gif --> www.tezcat.com /usr/export/home4/bfranke/WWW/law/faculty webpagelight.gif
98.06.30 18:22 B C:\Bakers IS folder\NULawIS\faculty\modem.html --> www.law1.nwu.edu /DRIVEC/ZBS/ZBS/HTML/stock/faculty/_vti_cnf modem.html
98.07.07 10:49 B C:\Bakers IS folder\NULawIS\faculty\botleft.gif --> www.tezcat.com /usr/export/home4/bfranke/WWW/NULawIS/faculty botleft.gif
98.07.07 10:49 B C:\Bakers IS folder\NULawIS\faculty\computing.html --> www.tezcat.com /usr/export/home4/bfranke/WWW/NULawIS/faculty computing.html
98.07.07 10:49 B C:\Bakers IS folder\NULawIS\faculty\computingdark.gif --> www.tezcat.com /usr/export/home4/bfranke/WWW/NULawIS/faculty computingdark.gif
98.07.07 10:49 B C:\Bakers IS folder\NULawIS\faculty\computinglight.gif --> www.tezcat.com /usr/export/home4/bfranke/WWW/NULawIS/faculty computinglight.gif
98.07.07 10:49 B C:\Bakers IS folder\NULawIS\faculty\email.html --> www.tezcat.com /usr/export/home4/bfranke/WWW/NULawIS/faculty email.html
98.07.07 10:49 B C:\Bakers IS folder\NULawIS\faculty\emaildark.gif --> www.tezcat.com /usr/export/home4/bfranke/WWW/NULawIS/faculty emaildark.gif
98.07.07 10:49 B C:\Bakers IS folder\NULawIS\faculty\emaillight.gif --> www.tezcat.com /usr/export/home4/bfranke/WWW/NULawIS/faculty emaillight.gif
98.07.07 10:49 B C:\Bakers IS folder\NULawIS\faculty\faculty.gif --> www.tezcat.com /usr/export/home4/bfranke/WWW/NULawIS/faculty faculty.gif
98.07.07 10:49 B C:\Bakers IS folder\NULawIS\faculty\faq.html --> www.tezcat.com /usr/export/home4/bfranke/WWW/NULawIS/faculty faq.html
98.07.07 10:50 B C:\Bakers IS folder\NULawIS\faculty\faqdark.gif --> www.tezcat.com /usr/export/home4/bfranke/WWW/NULawIS/faculty faqdark.gif
98.07.07 10:50 B C:\Bakers IS folder\NULawIS\faculty\faqlight.gif --> www.tezcat.com /usr/export/home4/bfranke/WWW/NULawIS/faculty faqlight.gif
98.07.07 10:50 B C:\Bakers IS folder\NULawIS\faculty\gethelp.html --> www.tezcat.com /usr/export/home4/bfranke/WWW/NULawIS/faculty gethelp.html
98.07.07 10:50 B C:\Bakers IS folder\NULawIS\faculty\gethelpdark.gif --> www.tezcat.com /usr/export/home4/bfranke/WWW/NULawIS/faculty gethelpdark.gif
98.07.07 10:50 B C:\Bakers IS folder\NULawIS\faculty\gethelplight.gif --> www.tezcat.com /usr/export/home4/bfranke/WWW/NULawIS/faculty gethelplight.gif
98.07.07 10:50 B C:\Bakers IS folder\NULawIS\faculty\modem.html --> www.tezcat.com /usr/export/home4/bfranke/WWW/NULawIS/faculty modem.html
98.07.07 10:50 B C:\Bakers IS folder\NULawIS\faculty\modemdark.gif --> www.tezcat.com /usr/export/home4/bfranke/WWW/NULawIS/faculty modemdark.gif
98.07.07 10:50 B C:\Bakers IS folder\NULawIS\faculty\modemlight.gif --> www.tezcat.com /usr/export/home4/bfranke/WWW/NULawIS/faculty modemlight.gif
98.07.07 10:50 B C:\Bakers IS folder\NULawIS\faculty\purchase.html --> www.tezcat.com /usr/export/home4/bfranke/WWW/NULawIS/faculty purchase.html
98.07.07 10:51 B C:\Bakers IS folder\NULawIS\faculty\purchasedark.gif --> www.tezcat.com /usr/export/home4/bfranke/WWW/NULawIS/faculty purchasedark.gif
98.07.07 10:51 B C:\Bakers IS folder\NULawIS\faculty\purchaselight.gif --> www.tezcat.com /usr/export/home4/bfranke/WWW/NULawIS/faculty purchaselight.gif
98.07.07 10:51 B C:\Bakers IS folder\NULawIS\faculty\softdark.gif --> www.tezcat.com /usr/export/home4/bfranke/WWW/NULawIS/faculty softdark.gif
98.07.07 10:51 B C:\Bakers IS folder\NULawIS\faculty\softlight.gif --> www.tezcat.com /usr/export/home4/bfranke/WWW/NULawIS/faculty softlight.gif
98.07.07 10:51 B C:\Bakers IS folder\NULawIS\faculty\software.html --> www.tezcat.com /usr/export/home4/bfranke/WWW/NULawIS/faculty software.html
98.07.07 10:51 B C:\Bakers IS folder\NULawIS\faculty\spacer.gif --> www.tezcat.com /usr/export/home4/bfranke/WWW/NULawIS/faculty spacer.gif
98.07.07 10:51 B C:\Bakers IS folder\NULawIS\faculty\topfacstaff.gif --> www.tezcat.com /usr/export/home4/bfranke/WWW/NULawIS/faculty topfacstaff.gif
98.07.07 10:51 B C:\Bakers IS folder\NULawIS\faculty\traindark.gif --> www.tezcat.com /usr/export/home4/bfranke/WWW/NULawIS/faculty traindark.gif
98.07.07 10:51 B C:\Bakers IS folder\NULawIS\faculty\training.html --> www.tezcat.com /usr/export/home4/bfranke/WWW/NULawIS/faculty training.html
98.07.07 10:51 B C:\Bakers IS folder\NULawIS\faculty\trainlight.gif --> www.tezcat.com /usr/export/home4/bfranke/WWW/NULawIS/faculty trainlight.gif
98.07.07 10:51 B C:\Bakers IS folder\NULawIS\faculty\webpage.html --> www.tezcat.com /usr/export/home4/bfranke/WWW/NULawIS/faculty webpage.html
98.07.07 10:51 B C:\Bakers IS folder\NULawIS\faculty\webpagedark.gif --> www.tezcat.com /usr/export/home4/bfranke/WWW/NULawIS/faculty webpagedark.gif
98.07.07 10:51 B C:\Bakers IS folder\NULawIS\faculty\webpagelight.gif --> www.tezcat.com /usr/export/home4/bfranke/WWW/NULawIS/faculty webpagelight.gif
98.10.22 16:51 B C:\frakster\Fe\law\faculty\WS_FTP.LOG <-- Baker on TEZCAT /usr/export/home4/bfranke/WWW/law/faculty WS_FTP.LOG
