98.06.17 17:46 B C:\Bakers IS folder\NULawIS\software\botleftseal.gif --> www.tezcat.com /usr/export/home4/bfranke/WWW/law/software botleftseal.gif
98.06.17 17:46 B C:\Bakers IS folder\NULawIS\software\docudark.gif --> www.tezcat.com /usr/export/home4/bfranke/WWW/law/software docudark.gif
98.06.17 17:46 B C:\Bakers IS folder\NULawIS\software\doculight.gif --> www.tezcat.com /usr/export/home4/bfranke/WWW/law/software doculight.gif
98.06.17 17:46 B C:\Bakers IS folder\NULawIS\software\documenation.html --> www.tezcat.com /usr/export/home4/bfranke/WWW/law/software documenation.html
98.06.17 17:46 B C:\Bakers IS folder\NULawIS\software\facdowndark.gif --> www.tezcat.com /usr/export/home4/bfranke/WWW/law/software facdowndark.gif
98.06.17 17:46 B C:\Bakers IS folder\NULawIS\software\facdownlight.gif --> www.tezcat.com /usr/export/home4/bfranke/WWW/law/software facdownlight.gif
98.06.17 17:46 B C:\Bakers IS folder\NULawIS\software\facdownload.html --> www.tezcat.com /usr/export/home4/bfranke/WWW/law/software facdownload.html
98.06.17 17:46 B C:\Bakers IS folder\NULawIS\software\studowndark.gif --> www.tezcat.com /usr/export/home4/bfranke/WWW/law/software studowndark.gif
98.06.17 17:46 B C:\Bakers IS folder\NULawIS\software\studownlight.gif --> www.tezcat.com /usr/export/home4/bfranke/WWW/law/software studownlight.gif
98.06.17 17:46 B C:\Bakers IS folder\NULawIS\software\studownload.html --> www.tezcat.com /usr/export/home4/bfranke/WWW/law/software studownload.html
98.06.17 17:46 B C:\Bakers IS folder\NULawIS\software\topsoftware.gif --> www.tezcat.com /usr/export/home4/bfranke/WWW/law/software topsoftware.gif
98.07.07 11:00 B C:\Bakers IS folder\NULawIS\software\botleftseal.gif --> www.tezcat.com /usr/export/home4/bfranke/WWW/NULawIS/software botleftseal.gif
98.07.07 11:00 B C:\Bakers IS folder\NULawIS\software\cd2.jpg --> www.tezcat.com /usr/export/home4/bfranke/WWW/NULawIS/software cd2.jpg
98.07.07 11:00 B C:\Bakers IS folder\NULawIS\software\docudark.gif --> www.tezcat.com /usr/export/home4/bfranke/WWW/NULawIS/software docudark.gif
98.07.07 11:00 B C:\Bakers IS folder\NULawIS\software\doculight.gif --> www.tezcat.com /usr/export/home4/bfranke/WWW/NULawIS/software doculight.gif
98.07.07 11:00 B C:\Bakers IS folder\NULawIS\software\documenation.html --> www.tezcat.com /usr/export/home4/bfranke/WWW/NULawIS/software documenation.html
98.07.07 11:00 B C:\Bakers IS folder\NULawIS\software\facdowndark.gif --> www.tezcat.com /usr/export/home4/bfranke/WWW/NULawIS/software facdowndark.gif
98.07.07 11:00 B C:\Bakers IS folder\NULawIS\software\facdownlight.gif --> www.tezcat.com /usr/export/home4/bfranke/WWW/NULawIS/software facdownlight.gif
98.07.07 11:00 B C:\Bakers IS folder\NULawIS\software\facdownload.html --> www.tezcat.com /usr/export/home4/bfranke/WWW/NULawIS/software facdownload.html
98.07.07 11:00 B C:\Bakers IS folder\NULawIS\software\studowndark.gif --> www.tezcat.com /usr/export/home4/bfranke/WWW/NULawIS/software studowndark.gif
98.07.07 11:00 B C:\Bakers IS folder\NULawIS\software\studownlight.gif --> www.tezcat.com /usr/export/home4/bfranke/WWW/NULawIS/software studownlight.gif
98.07.07 11:00 B C:\Bakers IS folder\NULawIS\software\studownload.html --> www.tezcat.com /usr/export/home4/bfranke/WWW/NULawIS/software studownload.html
98.07.07 11:00 B C:\Bakers IS folder\NULawIS\software\topsoftware.gif --> www.tezcat.com /usr/export/home4/bfranke/WWW/NULawIS/software topsoftware.gif
98.10.22 17:07 B C:\frakster\Fe\law\software\WS_FTP.LOG <-- Baker on TEZCAT /usr/export/home4/bfranke/WWW/law/software WS_FTP.LOG
