98.06.17 17:00 B C:\Bakers IS folder\NULawIS\stock\arc.gif --> www.tezcat.com /usr/export/home4/bfranke/WWW/law/stock arc.gif
98.06.17 17:00 B C:\Bakers IS folder\NULawIS\stock\arctop.gif --> www.tezcat.com /usr/export/home4/bfranke/WWW/law/stock arctop.gif
98.06.17 17:00 B C:\Bakers IS folder\NULawIS\stock\islogo.gif --> www.tezcat.com /usr/export/home4/bfranke/WWW/law/stock islogo.gif
98.06.25 16:32 B C:\Bakers IS folder\NULawIS\stock\islogo3.gif --> www.tezcat.com /usr/export/home4/bfranke/WWW/law islogo3.gif
98.06.25 16:32 B C:\Bakers IS folder\NULawIS\stock\islogo3.gif --> www.tezcat.com /usr/export/home4/bfranke/WWW/law/stock islogo3.gif
98.06.29 18:10 B C:\Bakers IS folder\NULawIS\stock\arc.gif --> www.tezcat.com /usr/export/home4/bfranke/WWW/stock arc.gif
98.06.29 18:10 B C:\Bakers IS folder\NULawIS\stock\arctop.gif --> www.tezcat.com /usr/export/home4/bfranke/WWW/stock arctop.gif
98.06.29 18:10 B C:\Bakers IS folder\NULawIS\stock\background.gif --> www.tezcat.com /usr/export/home4/bfranke/WWW/stock background.gif
98.06.29 18:10 B C:\Bakers IS folder\NULawIS\stock\bg2.gif --> www.tezcat.com /usr/export/home4/bfranke/WWW/stock bg2.gif
98.06.29 18:10 B C:\Bakers IS folder\NULawIS\stock\bg3.gif --> www.tezcat.com /usr/export/home4/bfranke/WWW/stock bg3.gif
98.06.29 18:10 B C:\Bakers IS folder\NULawIS\stock\bg4.gif --> www.tezcat.com /usr/export/home4/bfranke/WWW/stock bg4.gif
98.06.29 18:10 B C:\Bakers IS folder\NULawIS\stock\blackpix.gif --> www.tezcat.com /usr/export/home4/bfranke/WWW/stock blackpix.gif
98.06.29 18:10 B C:\Bakers IS folder\NULawIS\stock\botfade.gif --> www.tezcat.com /usr/export/home4/bfranke/WWW/stock botfade.gif
98.06.29 18:10 B C:\Bakers IS folder\NULawIS\stock\cornerfade.gif --> www.tezcat.com /usr/export/home4/bfranke/WWW/stock cornerfade.gif
98.06.29 18:10 B C:\Bakers IS folder\NULawIS\stock\hash.gif --> www.tezcat.com /usr/export/home4/bfranke/WWW/stock hash.gif
98.06.29 18:10 B C:\Bakers IS folder\NULawIS\stock\Is.act --> www.tezcat.com /usr/export/home4/bfranke/WWW/stock Is.act
98.06.29 18:10 B C:\Bakers IS folder\NULawIS\stock\ISblur.gif --> www.tezcat.com /usr/export/home4/bfranke/WWW/stock ISblur.gif
98.06.29 18:10 B C:\Bakers IS folder\NULawIS\stock\islogo.gif --> www.tezcat.com /usr/export/home4/bfranke/WWW/stock islogo.gif
98.06.29 18:10 B C:\Bakers IS folder\NULawIS\stock\islogo2.gif --> www.tezcat.com /usr/export/home4/bfranke/WWW/stock islogo2.gif
98.06.29 18:10 B C:\Bakers IS folder\NULawIS\stock\islogo3.gif --> www.tezcat.com /usr/export/home4/bfranke/WWW/stock islogo3.gif
98.06.29 18:10 B C:\Bakers IS folder\NULawIS\stock\rightfade.gif --> www.tezcat.com /usr/export/home4/bfranke/WWW/stock rightfade.gif
98.06.29 18:10 B C:\Bakers IS folder\NULawIS\stock\spacer.gif --> www.tezcat.com /usr/export/home4/bfranke/WWW/stock spacer.gif
98.06.29 18:10 B C:\Bakers IS folder\NULawIS\stock\verthash.gif --> www.tezcat.com /usr/export/home4/bfranke/WWW/stock verthash.gif
98.10.22 17:23 B C:\frakster\Fe\stock\WS_FTP.LOG <-- Baker on TEZCAT /usr/export/home4/bfranke/WWW/stock WS_FTP.LOG
