98.10.22 17:23 B C:\frakster\Fe\back.gif <-- Baker on TEZCAT /usr/export/home4/bfranke/WWW back.gif
98.10.22 17:23 B C:\frakster\Fe\ball.gif <-- Baker on TEZCAT /usr/export/home4/bfranke/WWW ball.gif
98.10.22 17:23 B C:\frakster\Fe\ball1.gif <-- Baker on TEZCAT /usr/export/home4/bfranke/WWW ball1.gif
98.10.22 17:23 B C:\frakster\Fe\ball2.gif <-- Baker on TEZCAT /usr/export/home4/bfranke/WWW ball2.gif
98.10.22 17:24 B C:\frakster\Fe\ballback.gif <-- Baker on TEZCAT /usr/export/home4/bfranke/WWW ballback.gif
98.10.22 17:24 B C:\frakster\Fe\bot.gif <-- Baker on TEZCAT /usr/export/home4/bfranke/WWW bot.gif
98.10.22 17:24 B C:\frakster\Fe\center.gif <-- Baker on TEZCAT /usr/export/home4/bfranke/WWW center.gif
98.10.22 17:24 B C:\frakster\Fe\clientbot.gif <-- Baker on TEZCAT /usr/export/home4/bfranke/WWW clientbot.gif
98.10.22 17:24 B C:\frakster\Fe\confirm.html <-- Baker on TEZCAT /usr/export/home4/bfranke/WWW confirm.html
98.10.22 17:24 B C:\frakster\Fe\connant.txt <-- Baker on TEZCAT /usr/export/home4/bfranke/WWW connant.txt
98.10.22 17:24 B C:\frakster\Fe\contents.html <-- Baker on TEZCAT /usr/export/home4/bfranke/WWW contents.html
98.10.22 17:24 B C:\frakster\Fe\deepthoughts.html <-- Baker on TEZCAT /usr/export/home4/bfranke/WWW deepthoughts.html
98.10.22 17:24 B C:\frakster\Fe\dewtroopers.jpg <-- Baker on TEZCAT /usr/export/home4/bfranke/WWW dewtroopers.jpg
98.10.22 17:24 B C:\frakster\Fe\display.htm <-- Baker on TEZCAT /usr/export/home4/bfranke/WWW display.htm
98.10.22 17:24 B C:\frakster\Fe\email.gif <-- Baker on TEZCAT /usr/export/home4/bfranke/WWW email.gif
98.10.22 17:24 B C:\frakster\Fe\eureka.html <-- Baker on TEZCAT /usr/export/home4/bfranke/WWW eureka.html
98.10.22 17:24 B C:\frakster\Fe\explain.html <-- Baker on TEZCAT /usr/export/home4/bfranke/WWW explain.html
98.10.22 17:24 B C:\frakster\Fe\explain.txt <-- Baker on TEZCAT /usr/export/home4/bfranke/WWW explain.txt
98.10.22 17:24 B C:\frakster\Fe\eyemov.gif <-- Baker on TEZCAT /usr/export/home4/bfranke/WWW eyemov.gif
98.10.22 17:24 B C:\frakster\Fe\firerule.gif <-- Baker on TEZCAT /usr/export/home4/bfranke/WWW firerule.gif
98.10.22 17:24 B C:\frakster\Fe\fp.gif <-- Baker on TEZCAT /usr/export/home4/bfranke/WWW fp.gif
98.10.22 17:25 B C:\frakster\Fe\freebot.gif <-- Baker on TEZCAT /usr/export/home4/bfranke/WWW freebot.gif
98.10.22 17:25 B C:\frakster\Fe\funstuff.html <-- Baker on TEZCAT /usr/export/home4/bfranke/WWW funstuff.html
98.10.22 17:25 B C:\frakster\Fe\hello <-- Baker on TEZCAT /usr/export/home4/bfranke/WWW hello
98.10.22 17:25 B C:\frakster\Fe\history.txt <-- Baker on TEZCAT /usr/export/home4/bfranke/WWW history.txt
98.10.22 17:25 B C:\frakster\Fe\home.gif <-- Baker on TEZCAT /usr/export/home4/bfranke/WWW home.gif
98.10.22 17:25 B C:\frakster\Fe\home.html <-- Baker on TEZCAT /usr/export/home4/bfranke/WWW home.html
98.10.22 17:25 B C:\frakster\Fe\index.html <-- Baker on TEZCAT /usr/export/home4/bfranke/WWW index.html
98.10.22 17:25 B C:\frakster\Fe\javaside.html <-- Baker on TEZCAT /usr/export/home4/bfranke/WWW javaside.html
98.10.22 17:25 B C:\frakster\Fe\jsanim.gif <-- Baker on TEZCAT /usr/export/home4/bfranke/WWW jsanim.gif
98.10.22 17:25 B C:\frakster\Fe\juletane3.txt <-- Baker on TEZCAT /usr/export/home4/bfranke/WWW juletane3.txt
98.10.22 17:25 B C:\frakster\Fe\landmines.doc <-- Baker on TEZCAT /usr/export/home4/bfranke/WWW landmines.doc
98.10.22 17:26 B C:\frakster\Fe\language.txt <-- Baker on TEZCAT /usr/export/home4/bfranke/WWW language.txt
98.10.22 17:26 B C:\frakster\Fe\left.gif <-- Baker on TEZCAT /usr/export/home4/bfranke/WWW left.gif
98.10.22 17:26 B C:\frakster\Fe\lefthook.gif <-- Baker on TEZCAT /usr/export/home4/bfranke/WWW lefthook.gif
98.10.22 17:26 B C:\frakster\Fe\ma.gif <-- Baker on TEZCAT /usr/export/home4/bfranke/WWW ma.gif
98.10.22 17:26 B C:\frakster\Fe\macomp.html <-- Baker on TEZCAT /usr/export/home4/bfranke/WWW macomp.html
98.10.22 17:26 B C:\frakster\Fe\macomp2.html <-- Baker on TEZCAT /usr/export/home4/bfranke/WWW macomp2.html
98.10.22 17:26 B C:\frakster\Fe\mafriend.html <-- Baker on TEZCAT /usr/export/home4/bfranke/WWW mafriend.html
98.10.22 17:26 B C:\frakster\Fe\mahand.html <-- Baker on TEZCAT /usr/export/home4/bfranke/WWW mahand.html
98.10.22 17:26 B C:\frakster\Fe\middleme.psd <-- Baker on TEZCAT /usr/export/home4/bfranke/WWW middleme.psd
98.10.22 17:26 B C:\frakster\Fe\mouseover.html <-- Baker on TEZCAT /usr/export/home4/bfranke/WWW mouseover.html
98.10.22 17:27 B C:\frakster\Fe\music.html <-- Baker on TEZCAT /usr/export/home4/bfranke/WWW music.html
98.10.22 17:27 B C:\frakster\Fe\musiccommittee.doc <-- Baker on TEZCAT /usr/export/home4/bfranke/WWW musiccommittee.doc
98.10.22 17:27 B C:\frakster\Fe\myart.html <-- Baker on TEZCAT /usr/export/home4/bfranke/WWW myart.html
98.10.22 17:27 B C:\frakster\Fe\myart2.html <-- Baker on TEZCAT /usr/export/home4/bfranke/WWW myart2.html
98.10.22 17:27 B C:\frakster\Fe\newsurvey.html <-- Baker on TEZCAT /usr/export/home4/bfranke/WWW newsurvey.html
98.10.22 17:27 B C:\frakster\Fe\nothumb.html <-- Baker on TEZCAT /usr/export/home4/bfranke/WWW nothumb.html
98.10.22 17:27 B C:\frakster\Fe\nuform.html <-- Baker on TEZCAT /usr/export/home4/bfranke/WWW nuform.html
98.10.22 17:28 B C:\frakster\Fe\oldme.psd <-- Baker on TEZCAT /usr/export/home4/bfranke/WWW oldme.psd
98.10.22 17:28 B C:\frakster\Fe\p1.gif <-- Baker on TEZCAT /usr/export/home4/bfranke/WWW p1.gif
98.10.22 17:28 B C:\frakster\Fe\p2.gif <-- Baker on TEZCAT /usr/export/home4/bfranke/WWW p2.gif
98.10.22 17:28 B C:\frakster\Fe\p3.gif <-- Baker on TEZCAT /usr/export/home4/bfranke/WWW p3.gif
98.10.22 17:28 B C:\frakster\Fe\p4.gif <-- Baker on TEZCAT /usr/export/home4/bfranke/WWW p4.gif
98.10.22 17:28 B C:\frakster\Fe\p5.gif <-- Baker on TEZCAT /usr/export/home4/bfranke/WWW p5.gif
98.10.22 17:28 B C:\frakster\Fe\p6.gif <-- Baker on TEZCAT /usr/export/home4/bfranke/WWW p6.gif
98.10.22 17:28 B C:\frakster\Fe\pa.txt <-- Baker on TEZCAT /usr/export/home4/bfranke/WWW pa.txt
98.10.22 17:29 B C:\frakster\Fe\parker.html <-- Baker on TEZCAT /usr/export/home4/bfranke/WWW parker.html
98.10.22 17:29 B C:\frakster\Fe\pdemo.html <-- Baker on TEZCAT /usr/export/home4/bfranke/WWW pdemo.html
98.10.22 17:29 B C:\frakster\Fe\philos.txt <-- Baker on TEZCAT /usr/export/home4/bfranke/WWW philos.txt
98.10.22 17:29 B C:\frakster\Fe\pic.gif <-- Baker on TEZCAT /usr/export/home4/bfranke/WWW pic.gif
98.10.22 17:29 B C:\frakster\Fe\pic1.gif <-- Baker on TEZCAT /usr/export/home4/bfranke/WWW pic1.gif
98.10.22 17:29 B C:\frakster\Fe\pic2.gif <-- Baker on TEZCAT /usr/export/home4/bfranke/WWW pic2.gif
98.10.22 17:29 B C:\frakster\Fe\pic3.gif <-- Baker on TEZCAT /usr/export/home4/bfranke/WWW pic3.gif
98.10.22 17:29 B C:\frakster\Fe\pics1.html <-- Baker on TEZCAT /usr/export/home4/bfranke/WWW pics1.html
98.10.22 17:29 B C:\frakster\Fe\pics2.html <-- Baker on TEZCAT /usr/export/home4/bfranke/WWW pics2.html
98.10.22 17:29 B C:\frakster\Fe\pics3.html <-- Baker on TEZCAT /usr/export/home4/bfranke/WWW pics3.html
98.10.22 17:29 B C:\frakster\Fe\pics4.html <-- Baker on TEZCAT /usr/export/home4/bfranke/WWW pics4.html
98.10.22 17:29 B C:\frakster\Fe\pics5.html <-- Baker on TEZCAT /usr/export/home4/bfranke/WWW pics5.html
98.10.22 17:29 B C:\frakster\Fe\pictures.html <-- Baker on TEZCAT /usr/export/home4/bfranke/WWW pictures.html
98.10.22 17:29 B C:\frakster\Fe\plan.txt <-- Baker on TEZCAT /usr/export/home4/bfranke/WWW plan.txt
98.10.22 17:30 B C:\frakster\Fe\platform.html <-- Baker on TEZCAT /usr/export/home4/bfranke/WWW platform.html
98.10.22 17:30 B C:\frakster\Fe\poem.txt <-- Baker on TEZCAT /usr/export/home4/bfranke/WWW poem.txt
98.10.22 17:30 B C:\frakster\Fe\progbot.gif <-- Baker on TEZCAT /usr/export/home4/bfranke/WWW progbot.gif
98.10.22 17:30 B C:\frakster\Fe\programs.gif <-- Baker on TEZCAT /usr/export/home4/bfranke/WWW programs.gif
98.10.22 17:30 B C:\frakster\Fe\programs.html <-- Baker on TEZCAT /usr/export/home4/bfranke/WWW programs.html
98.10.22 17:30 B C:\frakster\Fe\quotes.html <-- Baker on TEZCAT /usr/export/home4/bfranke/WWW quotes.html
98.10.22 17:30 B C:\frakster\Fe\reports.txt <-- Baker on TEZCAT /usr/export/home4/bfranke/WWW reports.txt
98.10.22 17:30 B C:\frakster\Fe\right.gif <-- Baker on TEZCAT /usr/export/home4/bfranke/WWW right.gif
98.10.22 17:30 B C:\frakster\Fe\righthook.gif <-- Baker on TEZCAT /usr/export/home4/bfranke/WWW righthook.gif
98.10.22 17:30 B C:\frakster\Fe\ripmov.gif <-- Baker on TEZCAT /usr/export/home4/bfranke/WWW ripmov.gif
98.10.22 17:30 B C:\frakster\Fe\science.txt <-- Baker on TEZCAT /usr/export/home4/bfranke/WWW science.txt
98.10.22 17:30 B C:\frakster\Fe\search.html <-- Baker on TEZCAT /usr/export/home4/bfranke/WWW search.html
98.10.22 17:31 B C:\frakster\Fe\senate.html <-- Baker on TEZCAT /usr/export/home4/bfranke/WWW senate.html
98.10.22 17:31 B C:\frakster\Fe\sp.gif <-- Baker on TEZCAT /usr/export/home4/bfranke/WWW sp.gif
98.10.22 17:31 B C:\frakster\Fe\starpics.html <-- Baker on TEZCAT /usr/export/home4/bfranke/WWW starpics.html
98.10.22 17:31 B C:\frakster\Fe\stina.html <-- Baker on TEZCAT /usr/export/home4/bfranke/WWW stina.html
98.10.22 17:31 B C:\frakster\Fe\survey.html <-- Baker on TEZCAT /usr/export/home4/bfranke/WWW survey.html
98.10.22 17:31 B C:\frakster\Fe\temp <-- Baker on TEZCAT /usr/export/home4/bfranke/WWW temp
98.10.22 17:31 B C:\frakster\Fe\temp2 <-- Baker on TEZCAT /usr/export/home4/bfranke/WWW temp2
98.10.22 17:31 B C:\frakster\Fe\template.htm <-- Baker on TEZCAT /usr/export/home4/bfranke/WWW template.htm
98.10.22 17:31 B C:\frakster\Fe\thanksohio.html <-- Baker on TEZCAT /usr/export/home4/bfranke/WWW thanksohio.html
98.10.22 17:31 B C:\frakster\Fe\thanksohio2.html <-- Baker on TEZCAT /usr/export/home4/bfranke/WWW thanksohio2.html
98.10.22 17:31 B C:\frakster\Fe\three.html <-- Baker on TEZCAT /usr/export/home4/bfranke/WWW three.html
98.10.22 17:31 B C:\frakster\Fe\tl.gif <-- Baker on TEZCAT /usr/export/home4/bfranke/WWW tl.gif
98.10.22 17:31 B C:\frakster\Fe\top.gif <-- Baker on TEZCAT /usr/export/home4/bfranke/WWW top.gif
98.10.22 17:31 B C:\frakster\Fe\tophook.gif <-- Baker on TEZCAT /usr/export/home4/bfranke/WWW tophook.gif
98.10.22 17:31 B C:\frakster\Fe\trial1.html <-- Baker on TEZCAT /usr/export/home4/bfranke/WWW trial1.html
98.10.22 17:32 B C:\frakster\Fe\trip.txt <-- Baker on TEZCAT /usr/export/home4/bfranke/WWW trip.txt
98.10.22 17:32 B C:\frakster\Fe\upscroll.class <-- Baker on TEZCAT /usr/export/home4/bfranke/WWW upscroll.class
98.10.22 17:32 B C:\frakster\Fe\upscroll.html <-- Baker on TEZCAT /usr/export/home4/bfranke/WWW upscroll.html
98.10.22 17:32 B C:\frakster\Fe\va.txt <-- Baker on TEZCAT /usr/export/home4/bfranke/WWW va.txt
98.10.22 17:32 B C:\frakster\Fe\yellcarm.gif <-- Baker on TEZCAT /usr/export/home4/bfranke/WWW yellcarm.gif
