98.06.17 17:01 B C:\Bakers IS folder\NULawIS\faculty.html --> www.tezcat.com /usr/export/home4/bfranke/WWW/law faculty.html
98.06.17 17:01 B C:\Bakers IS folder\NULawIS\index.html --> www.tezcat.com /usr/export/home4/bfranke/WWW/law index.html
98.06.17 17:01 B C:\Bakers IS folder\NULawIS\isinfo.html --> www.tezcat.com /usr/export/home4/bfranke/WWW/law isinfo.html
98.06.17 17:01 B C:\Bakers IS folder\NULawIS\software.html --> www.tezcat.com /usr/export/home4/bfranke/WWW/law software.html
98.06.17 17:01 B C:\Bakers IS folder\NULawIS\students.html --> www.tezcat.com /usr/export/home4/bfranke/WWW/law students.html
98.06.17 17:47 B C:\Bakers IS folder\NULawIS\software.html --> www.tezcat.com /usr/export/home4/bfranke/WWW/law software.html
98.06.17 17:48 B C:\Bakers IS folder\NULawIS\isinfo.html --> www.tezcat.com /usr/export/home4/bfranke/WWW/law isinfo.html
98.06.18 09:08 B C:\Bakers IS folder\NULawIS\form.html --> www.tezcat.com /usr/export/home4/bfranke/WWW form.html
98.06.18 11:36 B C:\Bakers IS folder\NULawIS\form4.htm --> www.tezcat.com /usr/export/home4/bfranke/WWW form4.htm
98.06.18 11:53 B C:\Bakers IS folder\NULawIS\trial1.html --> www.tezcat.com /usr/export/home4/bfranke/WWW trial1.html
98.06.18 11:54 B C:\Bakers IS folder\NULawIS\trial1.html --> www.tezcat.com /usr/export/home4/bfranke/WWW trial1.html
98.06.18 14:38 B C:\Bakers IS folder\NULawIS\formtrial.html --> www.tezcat.com /usr/export/home4/bfranke/WWW formtrial.html
98.06.18 16:12 B C:\Bakers IS folder\NULawIS\formtest.html --> www.tezcat.com /usr/export/home4/bfranke/WWW formtest.html
98.06.18 16:19 B C:\Bakers IS folder\NULawIS\formtest.html --> www.tezcat.com /usr/export/home4/bfranke/WWW formtest.html
98.06.18 16:19 B C:\Bakers IS folder\NULawIS\formtest.html --> www.tezcat.com /usr/export/home4/bfranke/WWW formtest.html
98.06.18 16:20 B C:\Bakers IS folder\NULawIS\formtest.html --> www.tezcat.com /usr/export/home4/bfranke/WWW formtest.html
98.06.18 16:24 B C:\Bakers IS folder\NULawIS\formtest.html --> www.tezcat.com /usr/export/home4/bfranke/WWW formtest.html
98.06.18 16:27 B C:\Bakers IS folder\NULawIS\formtest.html --> www.tezcat.com /usr/export/home4/bfranke/WWW formtest.html
98.06.18 16:27 B C:\Bakers IS folder\NULawIS\formtest.html --> www.tezcat.com /usr/export/home4/bfranke/WWW formtest.html
98.06.18 16:32 B C:\Bakers IS folder\NULawIS\formtest.html --> www.tezcat.com /usr/export/home4/bfranke/WWW formtest.html
98.06.19 09:16 B C:\Bakers IS folder\NULawIS\formtest.html <-- baker /usr/export/home4/bfranke/WWW formtest.html
98.06.19 09:17 B C:\Bakers IS folder\NULawIS\formtest.html --> www.tezcat.com /usr/export/home4/bfranke/WWW formtest.html
98.06.19 09:18 B C:\Bakers IS folder\NULawIS\formtest.html --> www.tezcat.com /usr/export/home4/bfranke/WWW formtest.html
98.06.19 09:19 B C:\Bakers IS folder\NULawIS\formtest.html --> www.tezcat.com /usr/export/home4/bfranke/WWW formtest.html
98.06.19 09:22 B C:\Bakers IS folder\NULawIS\emailtemplate.txt <-- baker /usr/export/home4/bfranke/WWW/files emailtemplate.txt
98.06.19 09:24 B C:\Bakers IS folder\NULawIS\formtest.html --> www.tezcat.com /usr/export/home4/bfranke/WWW formtest.html
98.06.19 09:24 B C:\Bakers IS folder\NULawIS\formtest.html --> www.tezcat.com /usr/export/home4/bfranke/WWW formtest.html
98.06.19 10:04 B C:\Bakers IS folder\NULawIS\techrating.txt <-- baker /usr/export/home4/bfranke/WWW/files techrating.txt
98.06.19 10:18 B C:\Bakers IS folder\NULawIS\techrating2.txt --> www.tezcat.com /usr/export/home4/bfranke/WWW/files techrating2.txt
98.06.19 10:22 B C:\Bakers IS folder\NULawIS\nuform.html --> www.tezcat.com /usr/export/home4/bfranke/WWW nuform.html
98.06.19 10:45 B C:\Bakers IS folder\NULawIS\techrating2.txt --> www.tezcat.com /usr/export/home4/bfranke techrating2.txt
98.06.19 10:45 B C:\Bakers IS folder\NULawIS\techrating2.txt --> www.tezcat.com /usr/export/home4/bfranke/WWW/files techrating2.txt
98.06.19 10:46 B C:\Bakers IS folder\NULawIS\nuform.html --> www.tezcat.com /usr/export/home4/bfranke/WWW nuform.html
98.06.19 10:48 B C:\Bakers IS folder\NULawIS\nuform.html --> www.tezcat.com /usr/export/home4/bfranke/WWW nuform.html
98.06.19 10:57 B C:\Bakers IS folder\NULawIS\nuform.html --> www.tezcat.com /usr/export/home4/bfranke/WWW nuform.html
98.06.19 10:57 B C:\Bakers IS folder\NULawIS\techrating3.txt --> www.tezcat.com /usr/export/home4/bfranke/WWW/files techrating3.txt
98.06.19 11:11 B C:\Bakers IS folder\NULawIS\techrating3.txt <-- baker /usr/export/home4/bfranke/WWW/files techrating3.txt
98.06.19 11:11 B C:\Bakers IS folder\NULawIS\nuform.html --> www.tezcat.com /usr/export/home4/bfranke/WWW nuform.html
98.06.19 11:43 B C:\Bakers IS folder\NULawIS\nuform.html --> www.tezcat.com /usr/export/home4/bfranke/WWW nuform.html
98.06.19 11:53 B C:\Bakers IS folder\NULawIS\techrating3.txt <-- baker /usr/export/home4/bfranke/WWW/files techrating3.txt
98.06.19 12:08 B C:\Bakers IS folder\NULawIS\techrating3.txt --> www.tezcat.com /usr/export/home4/bfranke/WWW/files techrating3.txt
98.06.19 12:19 B C:\Bakers IS folder\NULawIS\techrating3.txt --> www.tezcat.com /usr/export/home4/bfranke/WWW/files techrating3.txt
98.06.19 16:25 B C:\Bakers IS folder\NULawIS\nuform.html --> www.tezcat.com /usr/export/home4/bfranke/WWW nuform.html
98.06.22 08:57 B C:\Bakers IS folder\NULawIS\bigfile.html <-- baker /usr/export/home4/bfranke/WWW bigfile.html
98.06.22 09:06 B C:\Bakers IS folder\NULawIS\nuform.html --> www.tezcat.com /usr/export/home4/bfranke/WWW nuform.html
98.06.22 09:08 B C:\Bakers IS folder\NULawIS\nuform.html --> www.tezcat.com /usr/export/home4/bfranke/WWW nuform.html
98.06.22 09:09 B C:\Bakers IS folder\NULawIS\nuform.html --> www.tezcat.com /usr/export/home4/bfranke/WWW nuform.html
98.06.22 09:13 B C:\Bakers IS folder\NULawIS\nuform.html --> www.tezcat.com /usr/export/home4/bfranke/WWW nuform.html
98.06.22 09:22 B C:\Bakers IS folder\NULawIS\nuform.html --> www.tezcat.com /usr/export/home4/bfranke/WWW nuform.html
98.06.22 09:25 B C:\Bakers IS folder\NULawIS\nuform.html --> www.tezcat.com /usr/export/home4/bfranke/WWW nuform.html
98.06.22 09:44 B C:\Bakers IS folder\NULawIS\nuform.html --> www.tezcat.com /usr/export/home4/bfranke nuform.html
98.06.22 09:45 B C:\Bakers IS folder\NULawIS\nuform.html --> www.tezcat.com /usr/export/home4/bfranke/WWW nuform.html
98.06.22 09:46 B C:\Bakers IS folder\NULawIS\nuform.html --> www.tezcat.com /usr/export/home4/bfranke/WWW nuform.html
98.06.22 11:19 B C:\Bakers IS folder\NULawIS\nuform.html --> www.tezcat.com /usr/export/home4/bfranke/WWW nuform.html
98.06.22 12:53 B C:\Bakers IS folder\NULawIS\template.txt <-- baker /usr/export/home4/bfranke/WWW/files template.txt
98.06.22 12:54 B C:\Bakers IS folder\NULawIS\techrating3.txt <-- baker /usr/export/home4/bfranke/WWW/files techrating3.txt
98.06.22 12:55 B C:\Bakers IS folder\NULawIS\template2.txt --> www.tezcat.com /usr/export/home4/bfranke/WWW/files template2.txt
98.06.22 13:06 B C:\Bakers IS folder\NULawIS\ratingtemplate.txt --> www.tezcat.com /usr/export/home4/bfranke/WWW/files ratingtemplate.txt
98.06.22 13:13 B C:\Bakers IS folder\NULawIS\rating.html --> www.tezcat.com /usr/export/home4/bfranke/WWW rating.html
98.06.22 13:21 B C:\Bakers IS folder\NULawIS\ratingtemplate.txt <-- baker /usr/export/home4/bfranke/WWW/files ratingtemplate.txt
98.06.22 13:24 B C:\Bakers IS folder\NULawIS\ratingtemplate.txt --> www.tezcat.com /usr/export/home4/bfranke/WWW/files ratingtemplate.txt
98.06.22 13:24 B C:\Bakers IS folder\NULawIS\ratingtemplate.txt --> www.tezcat.com /usr/export/home4/bfranke/WWW/files ratingtemplate.txt
98.06.22 13:30 B C:\Bakers IS folder\NULawIS\ratingtemplate.txt --> www.tezcat.com /usr/export/home4/bfranke/WWW/files ratingtemplate.txt
98.06.22 13:30 B C:\Bakers IS folder\NULawIS\rating.html --> www.tezcat.com /usr/export/home4/bfranke/WWW rating.html
98.06.22 13:38 B C:\Bakers IS folder\NULawIS\success.html --> www.tezcat.com /usr/export/home4/bfranke/WWW success.html
98.06.22 13:38 B C:\Bakers IS folder\NULawIS\rating.html --> www.tezcat.com /usr/export/home4/bfranke/WWW rating.html
98.06.22 14:50 B C:\Bakers IS folder\NULawIS\rating.html --> www.tezcat.com /usr/export/home4/bfranke/WWW rating.html
98.06.22 14:50 B C:\Bakers IS folder\NULawIS\failure.html --> www.tezcat.com /usr/export/home4/bfranke/WWW failure.html
98.06.22 14:58 B C:\Bakers IS folder\NULawIS\incoming.txt <-- baker /usr/export/home4/bfranke/WWW/files incoming.txt
98.06.22 15:27 B C:\Bakers IS folder\NULawIS\rating.html --> www.tezcat.com /usr/export/home4/bfranke/WWW rating.html
98.06.23 09:40 B C:\Bakers IS folder\NULawIS\rating.html <-- baker /usr/export/home4/bfranke/WWW rating.html
98.06.23 10:32 B C:\Bakers IS folder\NULawIS\rating2.html --> www.tezcat.com /usr/export/home4/bfranke/WWW rating2.html
98.06.23 10:32 B C:\Bakers IS folder\NULawIS\success.html --> www.tezcat.com /usr/export/home4/bfranke/WWW success.html
98.06.23 10:32 B C:\Bakers IS folder\NULawIS\success2.html --> www.tezcat.com /usr/export/home4/bfranke/WWW success2.html
98.06.23 10:34 B C:\Bakers IS folder\NULawIS\success.html --> www.tezcat.com /usr/export/home4/bfranke/WWW success.html
98.06.23 10:37 B C:\Bakers IS folder\NULawIS\rating2.html --> www.tezcat.com /usr/export/home4/bfranke/WWW rating2.html
98.06.23 11:07 B C:\Bakers IS folder\NULawIS\rating2.html --> www.tezcat.com /usr/export/home4/bfranke/WWW rating2.html
98.06.23 11:24 B C:\Bakers IS folder\NULawIS\success2.html --> www.tezcat.com /usr/export/home4/bfranke/WWW success2.html
98.06.23 11:24 B C:\Bakers IS folder\NULawIS\success2.html --> www.tezcat.com /usr/export/home4/bfranke/WWW success2.html
98.06.23 11:25 B C:\Bakers IS folder\NULawIS\success2.html --> www.tezcat.com /usr/export/home4/bfranke/WWW success2.html
98.06.23 11:26 B C:\Bakers IS folder\NULawIS\success2.html --> www.tezcat.com /usr/export/home4/bfranke/WWW success2.html
98.06.23 11:27 B C:\Bakers IS folder\NULawIS\success2.html --> www.tezcat.com /usr/export/home4/bfranke/WWW success2.html
98.06.24 09:47 B C:\Bakers IS folder\NULawIS\rating2.html --> www.tezcat.com /usr/export/home4/bfranke/WWW rating2.html
98.06.24 09:49 B C:\Bakers IS folder\NULawIS\rating2.html --> www.tezcat.com /usr/export/home4/bfranke/WWW rating2.html
98.06.24 09:52 B C:\Bakers IS folder\NULawIS\rating2.html --> www.tezcat.com /usr/export/home4/bfranke/WWW rating2.html
98.06.24 10:06 B C:\Bakers IS folder\NULawIS\rating2.html --> www.tezcat.com /usr/export/home4/bfranke/WWW rating2.html
98.06.24 10:15 B C:\Bakers IS folder\NULawIS\success.html --> www.tezcat.com /usr/export/home4/bfranke/WWW success.html
98.06.24 10:15 B C:\Bakers IS folder\NULawIS\success2.html --> www.tezcat.com /usr/export/home4/bfranke/WWW success2.html
98.06.24 10:15 B C:\Bakers IS folder\NULawIS\failure.html --> www.tezcat.com /usr/export/home4/bfranke/WWW failure.html
98.06.24 10:15 B C:\Bakers IS folder\NULawIS\failure2.html --> www.tezcat.com /usr/export/home4/bfranke/WWW failure2.html
98.06.24 10:15 B C:\Bakers IS folder\NULawIS\success.html --> www.tezcat.com /usr/export/home4/bfranke/WWW success.html
98.06.24 10:15 B C:\Bakers IS folder\NULawIS\success2.html --> www.tezcat.com /usr/export/home4/bfranke/WWW success2.html
98.06.24 16:20 B C:\Bakers IS folder\NULawIS\hours.html --> www.tezcat.com /usr/export/home4/bfranke/WWW hours.html
98.06.24 16:22 B C:\Bakers IS folder\NULawIS\hours.html --> www.tezcat.com /usr/export/home4/bfranke/WWW hours.html
98.06.24 16:28 B C:\Bakers IS folder\NULawIS\hours.html --> www.tezcat.com /usr/export/home4/bfranke/WWW hours.html
98.06.24 16:31 B C:\Bakers IS folder\NULawIS\hours.html --> www.tezcat.com /usr/export/home4/bfranke/WWW hours.html
98.06.24 16:42 B C:\Bakers IS folder\NULawIS\hours.html --> www.tezcat.com /usr/export/home4/bfranke/WWW hours.html
98.06.24 16:43 B C:\Bakers IS folder\NULawIS\hours.html --> www.tezcat.com /usr/export/home4/bfranke/WWW hours.html
98.06.24 16:49 B C:\Bakers IS folder\NULawIS\hours.html --> www.tezcat.com /usr/export/home4/bfranke/WWW hours.html
98.06.24 17:05 B C:\Bakers IS folder\NULawIS\hours.html --> www.tezcat.com /usr/export/home4/bfranke/WWW hours.html
98.06.24 18:26 B C:\Bakers IS folder\NULawIS\hours2.html --> www.tezcat.com /usr/export/home4/bfranke/WWW hours2.html
98.06.25 13:45 B C:\Bakers IS folder\NULawIS\hours.html --> www.tezcat.com /usr/export/home4/bfranke/WWW/hours hours.html
98.06.25 13:49 B C:\Bakers IS folder\NULawIS\hours.html --> www.tezcat.com /usr/export/home4/bfranke/WWW/hours hours.html
98.06.25 13:50 B C:\Bakers IS folder\NULawIS\hours.html --> www.tezcat.com /usr/export/home4/bfranke/WWW/hours hours.html
98.06.25 16:32 B C:\Bakers IS folder\NULawIS\index.html --> www.tezcat.com /usr/export/home4/bfranke/WWW/law index.html
98.06.25 16:32 B C:\Bakers IS folder\NULawIS\students.html --> www.tezcat.com /usr/export/home4/bfranke/WWW/law students.html
98.06.29 18:12 B C:\Bakers IS folder\NULawIS\newsurvey.html --> www.tezcat.com /usr/export/home4/bfranke/WWW newsurvey.html
98.06.29 18:16 B C:\Bakers IS folder\NULawIS\newsurvey.html --> www.tezcat.com /usr/export/home4/bfranke/WWW newsurvey.html
98.06.29 18:21 B C:\Bakers IS folder\NULawIS\newsurvey.html --> www.tezcat.com /usr/export/home4/bfranke/WWW newsurvey.html
98.06.29 18:30 B C:\Bakers IS folder\NULawIS\surveyopener.html --> www.tezcat.com /usr/export/home4/bfranke/WWW surveyopener.html
98.06.30 18:22 B C:\Bakers IS folder\NULawIS\arctop.gif --> www.law1.nwu.edu /DRIVEC/ZBS/ZBS/HTML/stock arctop.gif
98.06.30 18:22 B C:\Bakers IS folder\NULawIS\email.html --> www.law1.nwu.edu /DRIVEC/ZBS/ZBS/HTML/stock/faculty/_vti_cnf email.html
98.06.30 18:27 B C:\Bakers IS folder\NULawIS\newsurvey.html --> www.law1.nwu.edu /DRIVEC/ZBS/ZBS/HTML/ newsurvey.html
98.07.07 11:06 B C:\Bakers IS folder\NULawIS\faculty.html --> www.tezcat.com /usr/export/home4/bfranke/WWW/NULawIS faculty.html
98.07.07 11:06 B C:\Bakers IS folder\NULawIS\faculty.tif --> www.tezcat.com /usr/export/home4/bfranke/WWW/NULawIS faculty.tif
98.07.07 11:06 B C:\Bakers IS folder\NULawIS\hours.html --> www.tezcat.com /usr/export/home4/bfranke/WWW/NULawIS hours.html
98.07.07 11:06 B C:\Bakers IS folder\NULawIS\hours2.html --> www.tezcat.com /usr/export/home4/bfranke/WWW/NULawIS hours2.html
98.07.07 11:06 B C:\Bakers IS folder\NULawIS\index.html --> www.tezcat.com /usr/export/home4/bfranke/WWW/NULawIS index.html
98.07.07 11:06 B C:\Bakers IS folder\NULawIS\isinfo.html --> www.tezcat.com /usr/export/home4/bfranke/WWW/NULawIS isinfo.html
98.07.07 11:07 B C:\Bakers IS folder\NULawIS\newsurvey.html --> www.tezcat.com /usr/export/home4/bfranke/WWW/NULawIS newsurvey.html
98.07.07 11:07 B C:\Bakers IS folder\NULawIS\opener.html --> www.tezcat.com /usr/export/home4/bfranke/WWW/NULawIS opener.html
98.07.07 11:07 B C:\Bakers IS folder\NULawIS\software.html --> www.tezcat.com /usr/export/home4/bfranke/WWW/NULawIS software.html
98.07.07 11:07 B C:\Bakers IS folder\NULawIS\students.html --> www.tezcat.com /usr/export/home4/bfranke/WWW/NULawIS students.html
98.07.07 11:07 B C:\Bakers IS folder\NULawIS\surveyopener.html --> www.tezcat.com /usr/export/home4/bfranke/WWW/NULawIS surveyopener.html
98.07.07 11:07 B C:\Bakers IS folder\NULawIS\tableof.html --> www.tezcat.com /usr/export/home4/bfranke/WWW/NULawIS tableof.html
98.10.22 17:13 B C:\frakster\Fe\law\WS_FTP.LOG <-- Baker on TEZCAT /usr/export/home4/bfranke/WWW/law WS_FTP.LOG
