98.06.17 17:00 B C:\Bakers IS folder\NULawIS\images\address.gif --> www.tezcat.com /usr/export/home4/bfranke/WWW/law/images address.gif
98.06.17 17:00 B C:\Bakers IS folder\NULawIS\images\botrightseal.gif --> www.tezcat.com /usr/export/home4/bfranke/WWW/law/images botrightseal.gif
98.06.17 17:00 B C:\Bakers IS folder\NULawIS\images\boxnick.gif --> www.tezcat.com /usr/export/home4/bfranke/WWW/law/images boxnick.gif
98.06.17 17:00 B C:\Bakers IS folder\NULawIS\images\changerhome.gif --> www.tezcat.com /usr/export/home4/bfranke/WWW/law/images changerhome.gif
98.06.17 17:00 B C:\Bakers IS folder\NULawIS\images\facdark.gif --> www.tezcat.com /usr/export/home4/bfranke/WWW/law/images facdark.gif
98.06.17 17:00 B C:\Bakers IS folder\NULawIS\images\faclight.gif --> www.tezcat.com /usr/export/home4/bfranke/WWW/law/images faclight.gif
98.06.17 17:00 B C:\Bakers IS folder\NULawIS\images\facwindow.gif --> www.tezcat.com /usr/export/home4/bfranke/WWW/law/images facwindow.gif
98.06.17 17:00 B C:\Bakers IS folder\NULawIS\images\isinfodark.gif --> www.tezcat.com /usr/export/home4/bfranke/WWW/law/images isinfodark.gif
98.06.17 17:00 B C:\Bakers IS folder\NULawIS\images\isinfolight.gif --> www.tezcat.com /usr/export/home4/bfranke/WWW/law/images isinfolight.gif
98.06.17 17:00 B C:\Bakers IS folder\NULawIS\images\islogo.gif --> www.tezcat.com /usr/export/home4/bfranke/WWW/law/images islogo.gif
98.06.17 17:00 B C:\Bakers IS folder\NULawIS\images\iswindow.gif --> www.tezcat.com /usr/export/home4/bfranke/WWW/law/images iswindow.gif
98.06.17 17:00 B C:\Bakers IS folder\NULawIS\images\leftboxes.gif --> www.tezcat.com /usr/export/home4/bfranke/WWW/law/images leftboxes.gif
98.06.17 17:00 B C:\Bakers IS folder\NULawIS\images\leftseal.gif --> www.tezcat.com /usr/export/home4/bfranke/WWW/law/images leftseal.gif
98.06.17 17:00 B C:\Bakers IS folder\NULawIS\images\lowerboxes.gif --> www.tezcat.com /usr/export/home4/bfranke/WWW/law/images lowerboxes.gif
98.06.17 17:00 B C:\Bakers IS folder\NULawIS\images\midline.gif --> www.tezcat.com /usr/export/home4/bfranke/WWW/law/images midline.gif
98.06.17 17:00 B C:\Bakers IS folder\NULawIS\images\nulsis.gif --> www.tezcat.com /usr/export/home4/bfranke/WWW/law/images nulsis.gif
98.06.17 17:00 B C:\Bakers IS folder\NULawIS\images\softdark.gif --> www.tezcat.com /usr/export/home4/bfranke/WWW/law/images softdark.gif
98.06.17 17:00 B C:\Bakers IS folder\NULawIS\images\softlight.gif --> www.tezcat.com /usr/export/home4/bfranke/WWW/law/images softlight.gif
98.06.17 17:00 B C:\Bakers IS folder\NULawIS\images\softwindow.gif --> www.tezcat.com /usr/export/home4/bfranke/WWW/law/images softwindow.gif
98.06.17 17:00 B C:\Bakers IS folder\NULawIS\images\studark.gif --> www.tezcat.com /usr/export/home4/bfranke/WWW/law/images studark.gif
98.06.17 17:00 B C:\Bakers IS folder\NULawIS\images\stulight.gif --> www.tezcat.com /usr/export/home4/bfranke/WWW/law/images stulight.gif
98.06.17 17:00 B C:\Bakers IS folder\NULawIS\images\stuwindow.gif --> www.tezcat.com /usr/export/home4/bfranke/WWW/law/images stuwindow.gif
98.06.17 17:00 B C:\Bakers IS folder\NULawIS\images\uprightseal.gif --> www.tezcat.com /usr/export/home4/bfranke/WWW/law/images uprightseal.gif
98.06.23 11:15 B C:\Bakers IS folder\NULawIS\images\template.txt <-- baker /usr/export/home4/bfranke/WWW/comments template.txt
98.06.23 11:16 B C:\Bakers IS folder\NULawIS\images\template.txt --> www.tezcat.com /usr/export/home4/bfranke/WWW/comments template.txt
98.06.25 16:32 B C:\Bakers IS folder\NULawIS\images\nulsis2.gif --> www.tezcat.com /usr/export/home4/bfranke/WWW/law/images nulsis2.gif
98.06.25 16:33 B C:\Bakers IS folder\NULawIS\images\frontIS2.gif --> www.tezcat.com /usr/export/home4/bfranke/WWW/law/images frontIS2.gif
98.06.25 18:14 B C:\Bakers IS folder\NULawIS\images\opener.jpg --> www.tezcat.com /usr/export/home4/bfranke/WWW/images opener.jpg
98.07.07 10:53 B C:\Bakers IS folder\NULawIS\images\address.gif --> www.tezcat.com /usr/export/home4/bfranke/WWW/NULawIS/images address.gif
98.07.07 10:53 B C:\Bakers IS folder\NULawIS\images\botrightseal.gif --> www.tezcat.com /usr/export/home4/bfranke/WWW/NULawIS/images botrightseal.gif
98.07.07 10:53 B C:\Bakers IS folder\NULawIS\images\boxnick.gif --> www.tezcat.com /usr/export/home4/bfranke/WWW/NULawIS/images boxnick.gif
98.07.07 10:53 B C:\Bakers IS folder\NULawIS\images\changerhome.gif --> www.tezcat.com /usr/export/home4/bfranke/WWW/NULawIS/images changerhome.gif
98.07.07 10:53 B C:\Bakers IS folder\NULawIS\images\christel.gif --> www.tezcat.com /usr/export/home4/bfranke/WWW/NULawIS/images christel.gif
98.07.07 10:53 B C:\Bakers IS folder\NULawIS\images\compute.jpg --> www.tezcat.com /usr/export/home4/bfranke/WWW/NULawIS/images compute.jpg
98.07.07 10:53 B C:\Bakers IS folder\NULawIS\images\facdark.gif --> www.tezcat.com /usr/export/home4/bfranke/WWW/NULawIS/images facdark.gif
98.07.07 10:53 B C:\Bakers IS folder\NULawIS\images\faclight.gif --> www.tezcat.com /usr/export/home4/bfranke/WWW/NULawIS/images faclight.gif
98.07.07 10:53 B C:\Bakers IS folder\NULawIS\images\faculty.gif --> www.tezcat.com /usr/export/home4/bfranke/WWW/NULawIS/images faculty.gif
98.07.07 10:53 B C:\Bakers IS folder\NULawIS\images\facwindow.gif --> www.tezcat.com /usr/export/home4/bfranke/WWW/NULawIS/images facwindow.gif
98.07.07 10:54 B C:\Bakers IS folder\NULawIS\images\faqboy.jpg --> www.tezcat.com /usr/export/home4/bfranke/WWW/NULawIS/images faqboy.jpg
98.07.07 10:54 B C:\Bakers IS folder\NULawIS\images\frontIS.gif --> www.tezcat.com /usr/export/home4/bfranke/WWW/NULawIS/images frontIS.gif
98.07.07 10:54 B C:\Bakers IS folder\NULawIS\images\frontIS2.gif --> www.tezcat.com /usr/export/home4/bfranke/WWW/NULawIS/images frontIS2.gif
98.07.07 10:54 B C:\Bakers IS folder\NULawIS\images\isinfodark.gif --> www.tezcat.com /usr/export/home4/bfranke/WWW/NULawIS/images isinfodark.gif
98.07.07 10:54 B C:\Bakers IS folder\NULawIS\images\isinfolight.gif --> www.tezcat.com /usr/export/home4/bfranke/WWW/NULawIS/images isinfolight.gif
98.07.07 10:54 B C:\Bakers IS folder\NULawIS\images\islogo.gif --> www.tezcat.com /usr/export/home4/bfranke/WWW/NULawIS/images islogo.gif
98.07.07 10:54 B C:\Bakers IS folder\NULawIS\images\ispagelogo.jpg --> www.tezcat.com /usr/export/home4/bfranke/WWW/NULawIS/images ispagelogo.jpg
98.07.07 10:54 B C:\Bakers IS folder\NULawIS\images\iswindow.gif --> www.tezcat.com /usr/export/home4/bfranke/WWW/NULawIS/images iswindow.gif
98.07.07 10:54 B C:\Bakers IS folder\NULawIS\images\iswords.gif --> www.tezcat.com /usr/export/home4/bfranke/WWW/NULawIS/images iswords.gif
98.07.07 10:54 B C:\Bakers IS folder\NULawIS\images\jack2.jpg --> www.tezcat.com /usr/export/home4/bfranke/WWW/NULawIS/images jack2.jpg
98.07.07 10:54 B C:\Bakers IS folder\NULawIS\images\jack3.gif --> www.tezcat.com /usr/export/home4/bfranke/WWW/NULawIS/images jack3.gif
98.07.07 10:54 B C:\Bakers IS folder\NULawIS\images\latitude.gif --> www.tezcat.com /usr/export/home4/bfranke/WWW/NULawIS/images latitude.gif
98.07.07 10:54 B C:\Bakers IS folder\NULawIS\images\leftboxes.gif --> www.tezcat.com /usr/export/home4/bfranke/WWW/NULawIS/images leftboxes.gif
98.07.07 10:54 B C:\Bakers IS folder\NULawIS\images\leftseal.gif --> www.tezcat.com /usr/export/home4/bfranke/WWW/NULawIS/images leftseal.gif
98.07.07 10:54 B C:\Bakers IS folder\NULawIS\images\lowerboxes.gif --> www.tezcat.com /usr/export/home4/bfranke/WWW/NULawIS/images lowerboxes.gif
98.07.07 10:54 B C:\Bakers IS folder\NULawIS\images\mailbox.jpg --> www.tezcat.com /usr/export/home4/bfranke/WWW/NULawIS/images mailbox.jpg
98.07.07 10:54 B C:\Bakers IS folder\NULawIS\images\midline.gif --> www.tezcat.com /usr/export/home4/bfranke/WWW/NULawIS/images midline.gif
98.07.07 10:54 B C:\Bakers IS folder\NULawIS\images\newIS.gif --> www.tezcat.com /usr/export/home4/bfranke/WWW/NULawIS/images newIS.gif
98.07.07 10:54 B C:\Bakers IS folder\NULawIS\images\newIS2.gif --> www.tezcat.com /usr/export/home4/bfranke/WWW/NULawIS/images newIS2.gif
98.07.07 10:55 B C:\Bakers IS folder\NULawIS\images\news2.gif --> www.tezcat.com /usr/export/home4/bfranke/WWW/NULawIS/images news2.gif
98.07.07 10:55 B C:\Bakers IS folder\NULawIS\images\nulsis.gif --> www.tezcat.com /usr/export/home4/bfranke/WWW/NULawIS/images nulsis.gif
98.07.07 10:55 B C:\Bakers IS folder\NULawIS\images\nulsis2.gif --> www.tezcat.com /usr/export/home4/bfranke/WWW/NULawIS/images nulsis2.gif
98.07.07 10:55 B C:\Bakers IS folder\NULawIS\images\opener.jpg --> www.tezcat.com /usr/export/home4/bfranke/WWW/NULawIS/images opener.jpg
98.07.07 10:55 B C:\Bakers IS folder\NULawIS\images\ping.jpg --> www.tezcat.com /usr/export/home4/bfranke/WWW/NULawIS/images ping.jpg
98.07.07 10:55 B C:\Bakers IS folder\NULawIS\images\ping2.gif --> www.tezcat.com /usr/export/home4/bfranke/WWW/NULawIS/images ping2.gif
98.07.07 10:55 B C:\Bakers IS folder\NULawIS\images\softdark.gif --> www.tezcat.com /usr/export/home4/bfranke/WWW/NULawIS/images softdark.gif
98.07.07 10:55 B C:\Bakers IS folder\NULawIS\images\softlight.gif --> www.tezcat.com /usr/export/home4/bfranke/WWW/NULawIS/images softlight.gif
98.07.07 10:55 B C:\Bakers IS folder\NULawIS\images\softwindow.gif --> www.tezcat.com /usr/export/home4/bfranke/WWW/NULawIS/images softwindow.gif
98.07.07 10:55 B C:\Bakers IS folder\NULawIS\images\studark.gif --> www.tezcat.com /usr/export/home4/bfranke/WWW/NULawIS/images studark.gif
98.07.07 10:55 B C:\Bakers IS folder\NULawIS\images\stulight.gif --> www.tezcat.com /usr/export/home4/bfranke/WWW/NULawIS/images stulight.gif
98.07.07 10:55 B C:\Bakers IS folder\NULawIS\images\stuwindow.gif --> www.tezcat.com /usr/export/home4/bfranke/WWW/NULawIS/images stuwindow.gif
98.07.07 10:55 B C:\Bakers IS folder\NULawIS\images\template.txt --> www.tezcat.com /usr/export/home4/bfranke/WWW/NULawIS/images template.txt
98.07.07 10:55 B C:\Bakers IS folder\NULawIS\images\traininggirl.gif --> www.tezcat.com /usr/export/home4/bfranke/WWW/NULawIS/images traininggirl.gif
98.07.07 10:55 B C:\Bakers IS folder\NULawIS\images\traininggirl.jpg --> www.tezcat.com /usr/export/home4/bfranke/WWW/NULawIS/images traininggirl.jpg
98.07.07 10:55 B C:\Bakers IS folder\NULawIS\images\traininggirl2.gif --> www.tezcat.com /usr/export/home4/bfranke/WWW/NULawIS/images traininggirl2.gif
98.07.07 10:55 B C:\Bakers IS folder\NULawIS\images\uprightseal.gif --> www.tezcat.com /usr/export/home4/bfranke/WWW/NULawIS/images uprightseal.gif
98.10.22 16:59 B C:\frakster\Fe\law\images\WS_FTP.LOG <-- Baker on TEZCAT /usr/export/home4/bfranke/WWW/law/images WS_FTP.LOG
