98.06.17 17:00 B C:\Bakers IS folder\NULawIS\students\botleftseal.gif --> www.tezcat.com /usr/export/home4/bfranke/WWW/law/students botleftseal.gif
98.06.17 17:00 B C:\Bakers IS folder\NULawIS\students\email.html --> www.tezcat.com /usr/export/home4/bfranke/WWW/law/students email.html
98.06.17 17:00 B C:\Bakers IS folder\NULawIS\students\emaildark.gif --> www.tezcat.com /usr/export/home4/bfranke/WWW/law/students emaildark.gif
98.06.17 17:00 B C:\Bakers IS folder\NULawIS\students\emaillight.gif --> www.tezcat.com /usr/export/home4/bfranke/WWW/law/students emaillight.gif
98.06.17 17:00 B C:\Bakers IS folder\NULawIS\students\facilidark.gif --> www.tezcat.com /usr/export/home4/bfranke/WWW/law/students facilidark.gif
98.06.17 17:00 B C:\Bakers IS folder\NULawIS\students\facililight.gif --> www.tezcat.com /usr/export/home4/bfranke/WWW/law/students facililight.gif
98.06.17 17:00 B C:\Bakers IS folder\NULawIS\students\facilities.html --> www.tezcat.com /usr/export/home4/bfranke/WWW/law/students facilities.html
98.06.17 17:00 B C:\Bakers IS folder\NULawIS\students\faq.html --> www.tezcat.com /usr/export/home4/bfranke/WWW/law/students faq.html
98.06.17 17:00 B C:\Bakers IS folder\NULawIS\students\faqdark.gif --> www.tezcat.com /usr/export/home4/bfranke/WWW/law/students faqdark.gif
98.06.17 17:00 B C:\Bakers IS folder\NULawIS\students\faqlight.gif --> www.tezcat.com /usr/export/home4/bfranke/WWW/law/students faqlight.gif
98.06.17 17:00 B C:\Bakers IS folder\NULawIS\students\gethelp.html --> www.tezcat.com /usr/export/home4/bfranke/WWW/law/students gethelp.html
98.06.17 17:00 B C:\Bakers IS folder\NULawIS\students\gethelpdark.gif --> www.tezcat.com /usr/export/home4/bfranke/WWW/law/students gethelpdark.gif
98.06.17 17:00 B C:\Bakers IS folder\NULawIS\students\gethelplight.gif --> www.tezcat.com /usr/export/home4/bfranke/WWW/law/students gethelplight.gif
98.06.17 17:00 B C:\Bakers IS folder\NULawIS\students\laptop.html --> www.tezcat.com /usr/export/home4/bfranke/WWW/law/students laptop.html
98.06.17 17:00 B C:\Bakers IS folder\NULawIS\students\laptopdark.gif --> www.tezcat.com /usr/export/home4/bfranke/WWW/law/students laptopdark.gif
98.06.17 17:00 B C:\Bakers IS folder\NULawIS\students\laptoplight.gif --> www.tezcat.com /usr/export/home4/bfranke/WWW/law/students laptoplight.gif
98.06.17 17:00 B C:\Bakers IS folder\NULawIS\students\modem.html --> www.tezcat.com /usr/export/home4/bfranke/WWW/law/students modem.html
98.06.17 17:00 B C:\Bakers IS folder\NULawIS\students\modemdark.gif --> www.tezcat.com /usr/export/home4/bfranke/WWW/law/students modemdark.gif
98.06.17 17:00 B C:\Bakers IS folder\NULawIS\students\modemlight.gif --> www.tezcat.com /usr/export/home4/bfranke/WWW/law/students modemlight.gif
98.06.17 17:00 B C:\Bakers IS folder\NULawIS\students\newsdark.gif --> www.tezcat.com /usr/export/home4/bfranke/WWW/law/students newsdark.gif
98.06.17 17:00 B C:\Bakers IS folder\NULawIS\students\newsgroups.html --> www.tezcat.com /usr/export/home4/bfranke/WWW/law/students newsgroups.html
98.06.17 17:00 B C:\Bakers IS folder\NULawIS\students\newslight.gif --> www.tezcat.com /usr/export/home4/bfranke/WWW/law/students newslight.gif
98.06.17 17:00 B C:\Bakers IS folder\NULawIS\students\topstudent.gif --> www.tezcat.com /usr/export/home4/bfranke/WWW/law/students topstudent.gif
98.06.17 17:00 B C:\Bakers IS folder\NULawIS\students\traindark.gif --> www.tezcat.com /usr/export/home4/bfranke/WWW/law/students traindark.gif
98.06.17 17:00 B C:\Bakers IS folder\NULawIS\students\training.html --> www.tezcat.com /usr/export/home4/bfranke/WWW/law/students training.html
98.06.17 17:00 B C:\Bakers IS folder\NULawIS\students\trainlight.gif --> www.tezcat.com /usr/export/home4/bfranke/WWW/law/students trainlight.gif
98.06.17 17:00 B C:\Bakers IS folder\NULawIS\students\webpage.html --> www.tezcat.com /usr/export/home4/bfranke/WWW/law/students webpage.html
98.06.17 17:00 B C:\Bakers IS folder\NULawIS\students\webpagedark.gif --> www.tezcat.com /usr/export/home4/bfranke/WWW/law/students webpagedark.gif
98.06.17 17:00 B C:\Bakers IS folder\NULawIS\students\webpagelight.gif --> www.tezcat.com /usr/export/home4/bfranke/WWW/law/students webpagelight.gif
98.07.07 11:03 B C:\Bakers IS folder\NULawIS\students\botleftseal.gif --> www.tezcat.com /usr/export/home4/bfranke/WWW/NULawIS/students botleftseal.gif
98.07.07 11:03 B C:\Bakers IS folder\NULawIS\students\email.html --> www.tezcat.com /usr/export/home4/bfranke/WWW/NULawIS/students email.html
98.07.07 11:03 B C:\Bakers IS folder\NULawIS\students\emaildark.gif --> www.tezcat.com /usr/export/home4/bfranke/WWW/NULawIS/students emaildark.gif
98.07.07 11:03 B C:\Bakers IS folder\NULawIS\students\emaillight.gif --> www.tezcat.com /usr/export/home4/bfranke/WWW/NULawIS/students emaillight.gif
98.07.07 11:03 B C:\Bakers IS folder\NULawIS\students\facilidark.gif --> www.tezcat.com /usr/export/home4/bfranke/WWW/NULawIS/students facilidark.gif
98.07.07 11:04 B C:\Bakers IS folder\NULawIS\students\facililight.gif --> www.tezcat.com /usr/export/home4/bfranke/WWW/NULawIS/students facililight.gif
98.07.07 11:04 B C:\Bakers IS folder\NULawIS\students\facilities.html --> www.tezcat.com /usr/export/home4/bfranke/WWW/NULawIS/students facilities.html
98.07.07 11:04 B C:\Bakers IS folder\NULawIS\students\faq.html --> www.tezcat.com /usr/export/home4/bfranke/WWW/NULawIS/students faq.html
98.07.07 11:04 B C:\Bakers IS folder\NULawIS\students\faqdark.gif --> www.tezcat.com /usr/export/home4/bfranke/WWW/NULawIS/students faqdark.gif
98.07.07 11:04 B C:\Bakers IS folder\NULawIS\students\faqlight.gif --> www.tezcat.com /usr/export/home4/bfranke/WWW/NULawIS/students faqlight.gif
98.07.07 11:04 B C:\Bakers IS folder\NULawIS\students\gethelp.html --> www.tezcat.com /usr/export/home4/bfranke/WWW/NULawIS/students gethelp.html
98.07.07 11:04 B C:\Bakers IS folder\NULawIS\students\gethelpdark.gif --> www.tezcat.com /usr/export/home4/bfranke/WWW/NULawIS/students gethelpdark.gif
98.07.07 11:04 B C:\Bakers IS folder\NULawIS\students\gethelplight.gif --> www.tezcat.com /usr/export/home4/bfranke/WWW/NULawIS/students gethelplight.gif
98.07.07 11:04 B C:\Bakers IS folder\NULawIS\students\laptop.html --> www.tezcat.com /usr/export/home4/bfranke/WWW/NULawIS/students laptop.html
98.07.07 11:04 B C:\Bakers IS folder\NULawIS\students\laptopdark.gif --> www.tezcat.com /usr/export/home4/bfranke/WWW/NULawIS/students laptopdark.gif
98.07.07 11:04 B C:\Bakers IS folder\NULawIS\students\laptoplight.gif --> www.tezcat.com /usr/export/home4/bfranke/WWW/NULawIS/students laptoplight.gif
98.07.07 11:05 B C:\Bakers IS folder\NULawIS\students\modem.html --> www.tezcat.com /usr/export/home4/bfranke/WWW/NULawIS/students modem.html
98.07.07 11:05 B C:\Bakers IS folder\NULawIS\students\modemdark.gif --> www.tezcat.com /usr/export/home4/bfranke/WWW/NULawIS/students modemdark.gif
98.07.07 11:05 B C:\Bakers IS folder\NULawIS\students\modemlight.gif --> www.tezcat.com /usr/export/home4/bfranke/WWW/NULawIS/students modemlight.gif
98.07.07 11:05 B C:\Bakers IS folder\NULawIS\students\newsdark.gif --> www.tezcat.com /usr/export/home4/bfranke/WWW/NULawIS/students newsdark.gif
98.07.07 11:05 B C:\Bakers IS folder\NULawIS\students\newsgroups.html --> www.tezcat.com /usr/export/home4/bfranke/WWW/NULawIS/students newsgroups.html
98.07.07 11:05 B C:\Bakers IS folder\NULawIS\students\newslight.gif --> www.tezcat.com /usr/export/home4/bfranke/WWW/NULawIS/students newslight.gif
98.07.07 11:05 B C:\Bakers IS folder\NULawIS\students\notebookprog.html --> www.tezcat.com /usr/export/home4/bfranke/WWW/NULawIS/students notebookprog.html
98.07.07 11:05 B C:\Bakers IS folder\NULawIS\students\students.gif --> www.tezcat.com /usr/export/home4/bfranke/WWW/NULawIS/students students.gif
98.07.07 11:06 B C:\Bakers IS folder\NULawIS\students\students.jpg --> www.tezcat.com /usr/export/home4/bfranke/WWW/NULawIS/students students.jpg
98.07.07 11:06 B C:\Bakers IS folder\NULawIS\students\topstudent.gif --> www.tezcat.com /usr/export/home4/bfranke/WWW/NULawIS/students topstudent.gif
98.07.07 11:06 B C:\Bakers IS folder\NULawIS\students\traindark.gif --> www.tezcat.com /usr/export/home4/bfranke/WWW/NULawIS/students traindark.gif
98.07.07 11:06 B C:\Bakers IS folder\NULawIS\students\training.html --> www.tezcat.com /usr/export/home4/bfranke/WWW/NULawIS/students training.html
98.07.07 11:06 B C:\Bakers IS folder\NULawIS\students\trainlight.gif --> www.tezcat.com /usr/export/home4/bfranke/WWW/NULawIS/students trainlight.gif
98.07.07 11:06 B C:\Bakers IS folder\NULawIS\students\webpage.html --> www.tezcat.com /usr/export/home4/bfranke/WWW/NULawIS/students webpage.html
98.07.07 11:06 B C:\Bakers IS folder\NULawIS\students\webpagedark.gif --> www.tezcat.com /usr/export/home4/bfranke/WWW/NULawIS/students webpagedark.gif
98.07.07 11:06 B C:\Bakers IS folder\NULawIS\students\webpagelight.gif --> www.tezcat.com /usr/export/home4/bfranke/WWW/NULawIS/students webpagelight.gif
98.07.07 11:06 B C:\Bakers IS folder\NULawIS\students\webpub.gif --> www.tezcat.com /usr/export/home4/bfranke/WWW/NULawIS/students webpub.gif
98.10.22 17:11 B C:\frakster\Fe\law\students\WS_FTP.LOG <-- Baker on TEZCAT /usr/export/home4/bfranke/WWW/law/students WS_FTP.LOG
